Test          (Worker) | Time (s) | GC (s) | GC % | Alloc (MB) | RSS (MB)
strings/types      (8) |        started at 2021-12-29T22:20:42.326
strings/search     (5) |        started at 2021-12-29T22:20:42.385
strings/util       (6) |        started at 2021-12-29T22:20:42.460
subarray           (3) |        started at 2021-12-29T22:20:42.465
worlds            (11) |        started at 2021-12-29T22:20:42.467
core              (10) |        started at 2021-12-29T22:20:42.471
strings/basic      (4) |        started at 2021-12-29T22:20:42.477
unicode/utf8       (9) |        started at 2021-12-29T22:20:42.481
ambiguous          (2) |        started at 2021-12-29T22:20:42.485
keywordargs       (13) |        started at 2021-12-29T22:20:42.493
strings/io         (7) |        started at 2021-12-29T22:20:42.497
atomics           (12) |        started at 2021-12-29T22:20:42.505
      From worker 5:	Interpreting C:\Users\Win10\AppData\Local\Programs\Julia-1.8.0-DEV\share/julia/test\strings/search.jl
      From worker 6:	Interpreting C:\Users\Win10\AppData\Local\Programs\Julia-1.8.0-DEV\share/julia/test\strings/util.jl
      From worker 3:	Interpreting C:\Users\Win10\AppData\Local\Programs\Julia-1.8.0-DEV\share/julia/test\subarray.jl
      From worker 11:	Interpreting C:\Users\Win10\AppData\Local\Programs\Julia-1.8.0-DEV\share/julia/test\worlds.jl
      From worker 10:	Interpreting C:\Users\Win10\AppData\Local\Programs\Julia-1.8.0-DEV\share/julia/test\core.jl
      From worker 4:	Interpreting C:\Users\Win10\AppData\Local\Programs\Julia-1.8.0-DEV\share/julia/test\strings/basic.jl
      From worker 9:	Interpreting C:\Users\Win10\AppData\Local\Programs\Julia-1.8.0-DEV\share/julia/test\unicode/utf8.jl
      From worker 2:	Interpreting C:\Users\Win10\AppData\Local\Programs\Julia-1.8.0-DEV\share/julia/test\ambiguous.jl
      From worker 13:	Interpreting C:\Users\Win10\AppData\Local\Programs\Julia-1.8.0-DEV\share/julia/test\keywordargs.jl
      From worker 8:	Interpreting C:\Users\Win10\AppData\Local\Programs\Julia-1.8.0-DEV\share/julia/test\strings/types.jl
      From worker 7:	Interpreting C:\Users\Win10\AppData\Local\Programs\Julia-1.8.0-DEV\share/julia/test\strings/io.jl
      From worker 12:	Interpreting C:\Users\Win10\AppData\Local\Programs\Julia-1.8.0-DEV\share/julia/test\atomics.jl
unicode/utf8       (9) |     1.17 |   0.02 |  2.0 |      85.34 |   278.07
numbers            (9) |        started at 2021-12-29T22:20:44.126
      From worker 9:	Interpreting C:\Users\Win10\AppData\Local\Programs\Julia-1.8.0-DEV\share/julia/test\numbers.jl
keywordargs       (13) |     5.66 |   0.18 |  3.1 |     474.89 |   327.71
subtype           (13) |        started at 2021-12-29T22:20:48.398
      From worker 13:	Interpreting C:\Users\Win10\AppData\Local\Programs\Julia-1.8.0-DEV\share/julia/test\subtype.jl
strings/io         (7) |     8.92 |   0.52 |  5.8 |     670.15 |   337.69
char               (7) |        started at 2021-12-29T22:20:51.728
      From worker 7:	Interpreting C:\Users\Win10\AppData\Local\Programs\Julia-1.8.0-DEV\share/julia/test\char.jl
worlds            (11) |         failed at 2021-12-29T22:20:52.058
Test Failed at C:\Users\Win10\AppData\Local\Programs\Julia-1.8.0-DEV\share/julia/test\worlds.jl:127
  Expression: wc265 + 1 == fetch(wc265_41332d)
   Evaluated: 0x0000000000007c8b == 0x0000000000007c8c

      From worker 2:	Skipping Base.active_repl
      From worker 2:	Skipping Base.active_repl_backend
      From worker 2:	Skipping Base.Filesystem.JL_O_NOCTTY
      From worker 2:	Skipping Base.Filesystem.JL_O_SHORT_LIVED
      From worker 2:	Skipping Base.BinaryPlatforms.compiler_abi
      From worker 2:	Skipping Base.active_repl
      From worker 2:	Skipping Base.active_repl_backend
      From worker 2:	Skipping Base.Filesystem.JL_O_NOCTTY
      From worker 2:	Skipping Base.Filesystem.JL_O_SHORT_LIVED
      From worker 2:	Skipping Base.BinaryPlatforms.compiler_abi
      From worker 10:	:code_state_from_call = :code_state_from_call
      From worker 10:	fun = Main.Test100Main_core.var"#foo2#55"()
strings/search     (5) |    11.72 |   0.21 |  1.8 |     686.22 |   304.95
triplequote        (5) |        started at 2021-12-29T22:20:54.494
      From worker 5:	Interpreting C:\Users\Win10\AppData\Local\Programs\Julia-1.8.0-DEV\share/julia/test\triplequote.jl
triplequote        (5) |     0.20 |   0.01 |  5.7 |      12.90 |   304.95
intrinsics         (5) |        started at 2021-12-29T22:20:54.705
      From worker 5:	Interpreting C:\Users\Win10\AppData\Local\Programs\Julia-1.8.0-DEV\share/julia/test\intrinsics.jl
      From worker 2:	Skipping Pkg.Types.find_registered!
      From worker 2:	Skipping Pkg.BinaryPlatforms.compiler_abi
char               (7) |     4.67 |   0.08 |  1.7 |     228.00 |   340.50
dict               (7) |        started at 2021-12-29T22:20:56.436
      From worker 7:	Interpreting C:\Users\Win10\AppData\Local\Programs\Julia-1.8.0-DEV\share/julia/test\dict.jl
      From worker 2:	:code_state_from_call = :code_state_from_call
      From worker 2:	fun = Main.Test86Main_ambiguous.Ambig8.f
      From worker 2:	:code_state_from_call = :code_state_from_call
      From worker 2:	fun = Main.Test86Main_ambiguous.Ambig8.f
      From worker 10:	:code_state_from_call = :code_state_from_call
      From worker 10:	fun = Main.Test100Main_core.var"#foor#74"()
      From worker 2:	Skipping Base.active_repl
      From worker 2:	Skipping Base.active_repl_backend
      From worker 2:	Skipping Base.Filesystem.JL_O_NOCTTY
      From worker 2:	Skipping Base.Filesystem.JL_O_SHORT_LIVED
      From worker 2:	Skipping Base.BinaryPlatforms.compiler_abi
      From worker 10:	:code_state_from_call = :code_state_from_call
      From worker 10:	fun = Main.Test100Main_core.var"#foor#74"()
      From worker 2:	Skipping Base.active_repl
      From worker 2:	Skipping Base.active_repl_backend
      From worker 2:	Skipping Base.Filesystem.JL_O_NOCTTY
      From worker 2:	Skipping Base.Filesystem.JL_O_SHORT_LIVED
      From worker 2:	Skipping Base.BinaryPlatforms.compiler_abi
ambiguous          (2) |    18.49 |   0.43 |  2.3 |    1322.80 |   334.00
iobuffer           (2) |        started at 2021-12-29T22:21:01.185
      From worker 2:	Interpreting C:\Users\Win10\AppData\Local\Programs\Julia-1.8.0-DEV\share/julia/test\iobuffer.jl
intrinsics         (5) |     6.91 |   0.11 |  1.6 |     346.95 |   317.34
staged             (5) |        started at 2021-12-29T22:21:01.626
      From worker 5:	Interpreting C:\Users\Win10\AppData\Local\Programs\Julia-1.8.0-DEV\share/julia/test\staged.jl
hashing           (14) |        started at 2021-12-29T22:21:01.851
      From worker 14:	Interpreting C:\Users\Win10\AppData\Local\Programs\Julia-1.8.0-DEV\share/julia/test\hashing.jl
      From worker 10:	:code_state_from_call = :code_state_from_call
      From worker 10:	fun = Main.Test100Main_core.var"#93#94"()
iobuffer           (2) |     3.64 |   0.07 |  2.0 |     119.61 |   356.59
offsetarray        (2) |        started at 2021-12-29T22:21:04.831
      From worker 2:	Interpreting C:\Users\Win10\AppData\Local\Programs\Julia-1.8.0-DEV\share/julia/test\offsetarray.jl
strings/util       (6) |    23.65 |   0.87 |  3.7 |    1123.01 |   386.54
arrayops           (6) |        started at 2021-12-29T22:21:06.442
      From worker 6:	Interpreting C:\Users\Win10\AppData\Local\Programs\Julia-1.8.0-DEV\share/julia/test\arrayops.jl
      From worker 5:	;  @ int.jl:87 within `+`
      From worker 5:	; Function Attrs: uwtable
      From worker 5:	define i64 @"julia_+_3247"(i64 signext %0, i64 signext %1) #0 {
      From worker 5:	top:
      From worker 5:	  %2 = add i64 %1, %0
      From worker 5:	  ret i64 %2
      From worker 5:	}
      From worker 5:		.text
      From worker 5:		.file	"+"
      From worker 5:		.globl	"julia_+_3298"                  # -- Begin function julia_+_3298
      From worker 5:		.p2align	4, 0x90
      From worker 5:		.type	"julia_+_3298",@function
      From worker 5:	"julia_+_3298":                         # @"julia_+_3298"
      From worker 5:	; â”Œ @ int.jl:87 within `+`
      From worker 5:		.cfi_startproc
      From worker 5:	# %bb.0:                                # %top
      From worker 5:		pushq	%rbp
      From worker 5:		.cfi_def_cfa_offset 16
      From worker 5:		.cfi_offset %rbp, -16
      From worker 5:		movq	%rsp, %rbp
      From worker 5:		.cfi_def_cfa_register %rbp
      From worker 5:		leaq	(%rcx,%rdx), %rax
      From worker 5:		popq	%rbp
      From worker 5:		retq
      From worker 5:	.Lfunc_end0:
      From worker 5:		.size	"julia_+_3298", .Lfunc_end0-"julia_+_3298"
      From worker 5:		.cfi_endproc
      From worker 5:	; â””
      From worker 5:	                                        # -- End function
      From worker 5:		.section	".note.GNU-stack","",@progbits
strings/basic      (4) |    30.82 |   0.65 |  2.1 |    1747.65 |   358.10
tuple              (4) |        started at 2021-12-29T22:21:13.685
      From worker 4:	Interpreting C:\Users\Win10\AppData\Local\Programs\Julia-1.8.0-DEV\share/julia/test\tuple.jl
staged             (5) |         failed at 2021-12-29T22:21:13.708
Test Failed at C:\Users\Win10\AppData\Local\Programs\Julia-1.8.0-DEV\share/julia/test\staged.jl:37
  Expression: String(take!(stagediobuf)) == "($(intstr),)"
   Evaluated: "a" == "(Int64,)"
Test Failed at C:\Users\Win10\AppData\Local\Programs\Julia-1.8.0-DEV\share/julia/test\staged.jl:41
  Expression: String(take!(stagediobuf)) == ""
   Evaluated: "a" == ""
Test Failed at C:\Users\Win10\AppData\Local\Programs\Julia-1.8.0-DEV\share/julia/test\staged.jl:45
  Expression: String(take!(stagediobuf)) == "($(intstr), StepRange{$(intstr), $(intstr)})"
   Evaluated: "a" == "(Int64, StepRange{Int64, Int64})"
Test Failed at C:\Users\Win10\AppData\Local\Programs\Julia-1.8.0-DEV\share/julia/test\staged.jl:49
  Expression: String(take!(stagediobuf)) == "($(intstr), $(intstr), $(intstr))"
   Evaluated: "a" == "(Int64, Int64, Int64)"
Test Failed at C:\Users\Win10\AppData\Local\Programs\Julia-1.8.0-DEV\share/julia/test\staged.jl:51
  Expression: String(take!(stagediobuf)) == "(UnitRange{$(intstr)}, $(intstr), UnitRange{$(intstr)})"
   Evaluated: "a" == "(UnitRange{Int64}, Int64, UnitRange{Int64})"
Test Failed at C:\Users\Win10\AppData\Local\Programs\Julia-1.8.0-DEV\share/julia/test\staged.jl:68
  Expression: String(take!(stagediobuf)) == "(UnitRange{$(intstr)}, UnitRange{$(intstr)}, $(intstr))"
   Evaluated: "indx" == "(UnitRange{Int64}, UnitRange{Int64}, Int64)"
Test Failed at C:\Users\Win10\AppData\Local\Programs\Julia-1.8.0-DEV\share/julia/test\staged.jl:70
  Expression: String(take!(stagediobuf)) == "(UnitRange{$(intstr)}, $(intstr), UnitRange{$(intstr)})"
   Evaluated: "indx" == "(UnitRange{Int64}, Int64, UnitRange{Int64})"
Test Failed at C:\Users\Win10\AppData\Local\Programs\Julia-1.8.0-DEV\share/julia/test\staged.jl:199
  Expression: gf_err2(code_typed)
    Expected: ErrorException("code reflection cannot be used from generated functions")
  No exception thrown
Test Failed at C:\Users\Win10\AppData\Local\Programs\Julia-1.8.0-DEV\share/julia/test\staged.jl:200
  Expression: gf_err2(code_llvm)
    Expected: ErrorException("code reflection cannot be used from generated functions")
  No exception thrown
Test Failed at C:\Users\Win10\AppData\Local\Programs\Julia-1.8.0-DEV\share/julia/test\staged.jl:201
  Expression: gf_err2(code_native)
    Expected: ErrorException("code reflection cannot be used from generated functions")
  No exception thrown
Test Failed at C:\Users\Win10\AppData\Local\Programs\Julia-1.8.0-DEV\share/julia/test\staged.jl:202
  Expression: gf_err_ref[] == 66
   Evaluated: 3033 == 66
Test Failed at C:\Users\Win10\AppData\Local\Programs\Julia-1.8.0-DEV\share/julia/test\staged.jl:204
  Expression: gf_err_ref[] == 1077
   Evaluated: 4044 == 1077
Test Failed at C:\Users\Win10\AppData\Local\Programs\Julia-1.8.0-DEV\share/julia/test\staged.jl:283
  Expression: f23168(a, 3) == (6, Int)
   Evaluated: (6, 3) == (6, Int64)

reduce            (15) |        started at 2021-12-29T22:21:23.432
      From worker 15:	Interpreting C:\Users\Win10\AppData\Local\Programs\Julia-1.8.0-DEV\share/julia/test\reduce.jl
tuple              (4) |    13.00 |   0.29 |  2.3 |     850.85 |   385.89
reducedim          (4) |        started at 2021-12-29T22:21:26.697
      From worker 4:	Interpreting C:\Users\Win10\AppData\Local\Programs\Julia-1.8.0-DEV\share/julia/test\reducedim.jl
atomics           (12) |    45.25 |   1.47 |  3.2 |    2330.08 |   374.35
abstractarray     (12) |        started at 2021-12-29T22:21:28.093
      From worker 12:	Interpreting C:\Users\Win10\AppData\Local\Programs\Julia-1.8.0-DEV\share/julia/test\abstractarray.jl
dict               (7) |    50.54 |   1.95 |  3.9 |    2464.18 |   417.74
intfuncs           (7) |        started at 2021-12-29T22:21:46.987
      From worker 7:	Interpreting C:\Users\Win10\AppData\Local\Programs\Julia-1.8.0-DEV\share/julia/test\intfuncs.jl
hashing           (14) |    45.67 |   1.10 |  2.4 |    2788.28 |   383.28
simdloop          (14) |        started at 2021-12-29T22:21:48.135
      From worker 14:	Interpreting C:\Users\Win10\AppData\Local\Programs\Julia-1.8.0-DEV\share/julia/test\simdloop.jl
simdloop          (14) |     5.48 |   0.14 |  2.5 |     345.63 |   384.14
vecelement        (14) |        started at 2021-12-29T22:21:53.627
      From worker 14:	Interpreting C:\Users\Win10\AppData\Local\Programs\Julia-1.8.0-DEV\share/julia/test\vecelement.jl
intfuncs           (7) |    17.97 |   0.31 |  1.7 |     751.05 |   417.74
rational           (7) |        started at 2021-12-29T22:22:04.965
      From worker 7:	Interpreting C:\Users\Win10\AppData\Local\Programs\Julia-1.8.0-DEV\share/julia/test\rational.jl
vecelement        (14) |    19.66 |   0.50 |  2.5 |    1500.63 |   398.48
bitarray          (14) |        started at 2021-12-29T22:22:13.300
      From worker 14:	Interpreting C:\Users\Win10\AppData\Local\Programs\Julia-1.8.0-DEV\share/julia/test\bitarray.jl
reduce            (15) |         failed at 2021-12-29T22:22:14.732
Test Failed at C:\Users\Win10\AppData\Local\Programs\Julia-1.8.0-DEV\share/julia/test\reduce.jl:41
  Expression: 0 == #= C:\Users\Win10\AppData\Local\Programs\Julia-1.8.0-DEV\share/julia/test\reduce.jl:41 =# @allocated(sum(Iterators.reverse(x)))
   Evaluated: 0 == 9580723
Test Failed at C:\Users\Win10\AppData\Local\Programs\Julia-1.8.0-DEV\share/julia/test\reduce.jl:42
  Expression: 0 == #= C:\Users\Win10\AppData\Local\Programs\Julia-1.8.0-DEV\share/julia/test\reduce.jl:42 =# @allocated(foldr(-, x))
   Evaluated: 0 == 4092535

copy              (16) |        started at 2021-12-29T22:22:24.610
      From worker 16:	Interpreting C:\Users\Win10\AppData\Local\Programs\Julia-1.8.0-DEV\share/julia/test\copy.jl
copy              (16) |     9.53 |   0.24 |  2.5 |     680.01 |   294.45
math              (16) |        started at 2021-12-29T22:22:34.623
      From worker 16:	Interpreting C:\Users\Win10\AppData\Local\Programs\Julia-1.8.0-DEV\share/julia/test\math.jl
subtype           (13) |   112.20 |   1.90 |  1.7 |    5459.02 |  1296.43
fastmath          (13) |        started at 2021-12-29T22:22:40.640
      From worker 13:	Interpreting C:\Users\Win10\AppData\Local\Programs\Julia-1.8.0-DEV\share/julia/test\fastmath.jl
offsetarray        (2) |   107.03 |   3.54 |  3.3 |    5837.27 |   484.68
functional         (2) |        started at 2021-12-29T22:22:51.870
      From worker 2:	Interpreting C:\Users\Win10\AppData\Local\Programs\Julia-1.8.0-DEV\share/julia/test\functional.jl
numbers            (9) |   128.40 |   2.81 |  2.2 |    6139.08 |   807.85
iterators          (9) |        started at 2021-12-29T22:22:52.568
      From worker 9:	Interpreting C:\Users\Win10\AppData\Local\Programs\Julia-1.8.0-DEV\share/julia/test\iterators.jl
rational           (7) |    50.38 |   1.40 |  2.8 |    2033.27 |   459.30
operators          (7) |        started at 2021-12-29T22:22:55.352
      From worker 7:	Interpreting C:\Users\Win10\AppData\Local\Programs\Julia-1.8.0-DEV\share/julia/test\operators.jl
fastmath          (13) |    17.24 |   0.57 |  3.3 |     963.10 |  1296.43
ordering          (13) |        started at 2021-12-29T22:22:57.888
      From worker 13:	Interpreting C:\Users\Win10\AppData\Local\Programs\Julia-1.8.0-DEV\share/julia/test\ordering.jl
ordering          (13) |     5.06 |   0.06 |  1.3 |     145.27 |  1296.43
path              (13) |        started at 2021-12-29T22:23:02.960
      From worker 13:	Interpreting C:\Users\Win10\AppData\Local\Programs\Julia-1.8.0-DEV\share/julia/test\path.jl
functional         (2) |    12.37 |   0.37 |  3.0 |     720.71 |   502.48
ccall              (2) |        started at 2021-12-29T22:23:04.257
      From worker 2:	Interpreting C:\Users\Win10\AppData\Local\Programs\Julia-1.8.0-DEV\share/julia/test\ccall.jl
path              (13) |     2.60 |   0.06 |  2.5 |     145.05 |  1296.43
parse             (13) |        started at 2021-12-29T22:23:05.574
      From worker 13:	Interpreting C:\Users\Win10\AppData\Local\Programs\Julia-1.8.0-DEV\share/julia/test\parse.jl
operators          (7) |    13.90 |   0.40 |  2.9 |     842.73 |   466.75
loading            (7) |        started at 2021-12-29T22:23:09.260
      From worker 7:	Interpreting C:\Users\Win10\AppData\Local\Programs\Julia-1.8.0-DEV\share/julia/test\loading.jl
parse             (13) |     9.44 |   0.40 |  4.2 |     415.52 |  1296.43
gmp               (13) |        started at 2021-12-29T22:23:15.022
      From worker 13:	Interpreting C:\Users\Win10\AppData\Local\Programs\Julia-1.8.0-DEV\share/julia/test\gmp.jl
reducedim          (4) |   110.21 |   3.12 |  2.8 |    5536.03 |   501.46
sorting            (4) |        started at 2021-12-29T22:23:16.919
      From worker 4:	Interpreting C:\Users\Win10\AppData\Local\Programs\Julia-1.8.0-DEV\share/julia/test\sorting.jl
gmp               (13) |    11.78 |   0.49 |  4.2 |     583.09 |  1296.43
spawn             (13) |        started at 2021-12-29T22:23:26.818
      From worker 13:	Interpreting C:\Users\Win10\AppData\Local\Programs\Julia-1.8.0-DEV\share/julia/test\spawn.jl
      From worker 13:	       [34m[stdio passthrough ok][0m
spawn             (13) |         failed at 2021-12-29T22:24:10.878
Test Failed at C:\Users\Win10\AppData\Local\Programs\Julia-1.8.0-DEV\share/julia/test\spawn.jl:59
  Expression: run(pipeline(yescmd, `head`, devnull))
    Expected: ProcessFailedException
      Thrown: Base.IOError

backtrace         (17) |        started at 2021-12-29T22:24:21.543
      From worker 17:	Interpreting C:\Users\Win10\AppData\Local\Programs\Julia-1.8.0-DEV\share/julia/test\backtrace.jl
      From worker 17:	[ Info: 
backtrace         (17) |         failed at 2021-12-29T22:24:34.555
Error During Test at C:\Users\Win10\AppData\Local\Programs\Julia-1.8.0-DEV\share/julia/test\backtrace.jl:93
  Test threw exception
  Expression: i1 > 0 && i2 > 0
  
Error During Test at C:\Users\Win10\AppData\Local\Programs\Julia-1.8.0-DEV\share/julia/test\backtrace.jl:94
  Test threw exception
  Expression: (b1[i1]).line != (b2[i2]).line
  
Test Failed at C:\Users\Win10\AppData\Local\Programs\Julia-1.8.0-DEV\share/julia/test\backtrace.jl:167
  Expression: StackTraces.is_top_level_frame(st[1])
Test Failed at C:\Users\Win10\AppData\Local\Programs\Julia-1.8.0-DEV\share/julia/test\backtrace.jl:168
  Expression: string((st[1]).file) == #= C:\Users\Win10\AppData\Local\Programs\Julia-1.8.0-DEV\share/julia/test\backtrace.jl:168 =# @__FILE__()
   Evaluated: ".\\essentials.jl" == "C:\\Users\\Win10\\AppData\\Local\\Programs\\Julia-1.8.0-DEV\\share/julia/test\\backtrace.jl"
Test Failed at C:\Users\Win10\AppData\Local\Programs\Julia-1.8.0-DEV\share/julia/test\backtrace.jl:182
  Expression: found
Test Failed at C:\Users\Win10\AppData\Local\Programs\Julia-1.8.0-DEV\share/julia/test\backtrace.jl:194
  Expression: found

exceptions        (18) |        started at 2021-12-29T22:24:44.174
      From worker 18:	Interpreting C:\Users\Win10\AppData\Local\Programs\Julia-1.8.0-DEV\share/julia/test\exceptions.jl
math              (16) |   130.33 |   5.31 |  4.1 |    6318.99 |   789.82
file              (16) |        started at 2021-12-29T22:24:44.997
      From worker 16:	Interpreting C:\Users\Win10\AppData\Local\Programs\Julia-1.8.0-DEV\share/julia/test\file.jl
arrayops           (6) |   220.00 |   8.74 |  4.0 |   12700.49 |   714.09
read               (6) |        started at 2021-12-29T22:24:46.936
      From worker 6:	Interpreting C:\Users\Win10\AppData\Local\Programs\Julia-1.8.0-DEV\share/julia/test\read.jl
exceptions        (18) |     4.17 |   0.21 |  5.0 |     306.45 |   289.97
version           (18) |        started at 2021-12-29T22:24:48.825
      From worker 18:	Interpreting C:\Users\Win10\AppData\Local\Programs\Julia-1.8.0-DEV\share/julia/test\version.jl
file              (16) |         failed at 2021-12-29T22:24:49.752
Error During Test at C:\Users\Win10\Documents\GitHub\JuliaInterp.jl\test\testdefs.jl:21
  Got exception outside of a @test
  IOError: On Windows, creating symlinks requires Administrator privileges.
  symlink("..\\adir2", "C:\\Users\\Win10\\AppData\\Local\\Temp\\jl_th3dTI\\adir\\rel_subdirlink"): operation not permitted (EPERM)
  Stacktrace:
    [1] uv_error
      @ .\libuv.jl:97 [inlined]
    [2] symlink(target::String, link::String; dir_target::Bool)
      @ Base.Filesystem .\file.jl:1105
    [3] symlink(target::String, link::String)
      @ Base.Filesystem .\file.jl:1069
    [4] invokelatest(::Any, ::Any, ::Vararg{Any}; kwargs::Base.Pairs{Symbol, Union{}, Tuple{}, NamedTuple{(), Tuple{}}})
      @ Base .\essentials.jl:731
    [5] invokelatest(::Any, ::Any, ::Vararg{Any})
      @ Base .\essentials.jl:729
    [6] lookup_lower(codestate::JuliaInterp.CodeState, #unused#::Val{:call}, args::Vector{Any})
      @ JuliaInterp C:\Users\Win10\Documents\GitHub\JuliaInterp.jl\src\lower.jl:84
    [7] lookup_lower(codestate::JuliaInterp.CodeState, expr::Expr)
      @ JuliaInterp C:\Users\Win10\Documents\GitHub\JuliaInterp.jl\src\lower.jl:168
    [8] interpret_lower(codestate::JuliaInterp.CodeState, #unused#::Val{:call}, args::Vector{Any})
      @ JuliaInterp C:\Users\Win10\Documents\GitHub\JuliaInterp.jl\src\lower.jl:211
    [9] interpret_lower(codestate::JuliaInterp.CodeState, expr::Expr)
      @ JuliaInterp C:\Users\Win10\Documents\GitHub\JuliaInterp.jl\src\lower.jl:364
   [10] run_code_state(codestate::JuliaInterp.CodeState)
      @ JuliaInterp C:\Users\Win10\Documents\GitHub\JuliaInterp.jl\src\types.jl:197
   [11] interpret_lower(interpstate::JuliaInterp.InterpState, parent::Nothing, src::Core.CodeInfo)
      @ JuliaInterp C:\Users\Win10\Documents\GitHub\JuliaInterp.jl\src\lower.jl:382
   [12] eval_lower_ast(interpstate::JuliaInterp.InterpState, expr::Expr)
      @ JuliaInterp C:\Users\Win10\Documents\GitHub\JuliaInterp.jl\src\ast.jl:19
   [13] interpret_ast(interpstate::JuliaInterp.InterpState, #unused#::Val{:if}, args::Vector{Any})
      @ JuliaInterp C:\Users\Win10\Documents\GitHub\JuliaInterp.jl\src\ast.jl:116
   [14] interpret_ast(interpstate::JuliaInterp.InterpState, expr::Expr)
      @ JuliaInterp C:\Users\Win10\Documents\GitHub\JuliaInterp.jl\src\ast.jl:199
   [15] interpret_ast(interpstate::JuliaInterp.InterpState, #unused#::Val{:toplevel}, args::Vector{Any})
      @ JuliaInterp C:\Users\Win10\Documents\GitHub\JuliaInterp.jl\src\ast.jl:185
   [16] interpret_ast(interpstate::JuliaInterp.InterpState, expr::Expr)
      @ JuliaInterp C:\Users\Win10\Documents\GitHub\JuliaInterp.jl\src\ast.jl:199
   [17] interpret_ast
      @ C:\Users\Win10\Documents\GitHub\JuliaInterp.jl\src\ast.jl:204 [inlined]
   [18] include(mod::Module, path::String, debug::Bool, budget::UInt64)
      @ JuliaInterp C:\Users\Win10\Documents\GitHub\JuliaInterp.jl\src\JuliaInterp.jl:16
   [19] include(mod::Module, path::String)
      @ JuliaInterp C:\Users\Win10\Documents\GitHub\JuliaInterp.jl\src\JuliaInterp.jl:10
   [20] macro expansion
      @ C:\Users\Win10\Documents\GitHub\JuliaInterp.jl\test\testdefs.jl:26 [inlined]
   [21] macro expansion
      @ C:\Users\Win10\AppData\Local\Programs\Julia-1.8.0-DEV\share\julia\stdlib\v1.8\Test\src\Test.jl:1375 [inlined]
   [22] macro expansion
      @ C:\Users\Win10\Documents\GitHub\JuliaInterp.jl\test\testdefs.jl:23 [inlined]
   [23] macro expansion
      @ .\timing.jl:439 [inlined]
   [24] runtests(name::String, path::String, isolate::Bool; seed::UInt128)
      @ Main C:\Users\Win10\Documents\GitHub\JuliaInterp.jl\test\testdefs.jl:21
   [25] invokelatest(::Any, ::Any, ::Vararg{Any}; kwargs::Base.Pairs{Symbol, UInt128, Tuple{Symbol}, NamedTuple{(:seed,), Tuple{UInt128}}})
      @ Base .\essentials.jl:733
   [26] (::Distributed.var"#106#108"{Distributed.CallMsg{:call_fetch}})()
      @ Distributed C:\Users\Win10\AppData\Local\Programs\Julia-1.8.0-DEV\share\julia\stdlib\v1.8\Distributed\src\process_messages.jl:278
   [27] run_work_thunk(thunk::Distributed.var"#106#108"{Distributed.CallMsg{:call_fetch}}, print_error::Bool)
      @ Distributed C:\Users\Win10\AppData\Local\Programs\Julia-1.8.0-DEV\share\julia\stdlib\v1.8\Distributed\src\process_messages.jl:63
   [28] macro expansion
      @ C:\Users\Win10\AppData\Local\Programs\Julia-1.8.0-DEV\share\julia\stdlib\v1.8\Distributed\src\process_messages.jl:278 [inlined]
   [29] (::Distributed.var"#105#107"{Distributed.CallMsg{:call_fetch}, Distributed.MsgHeader, Sockets.TCPSocket})()
      @ Distributed .\task.jl:466

version           (18) |     4.03 |   0.05 |  1.3 |     246.97 |   323.93
namedtuple        (18) |        started at 2021-12-29T22:24:52.887
      From worker 18:	Interpreting C:\Users\Win10\AppData\Local\Programs\Julia-1.8.0-DEV\share/julia/test\namedtuple.jl
ccall              (2) |   113.86 |  54.57 | 47.9 |     960.60 |   518.88
broadcast          (2) |        started at 2021-12-29T22:24:58.130
      From worker 2:	Interpreting C:\Users\Win10\AppData\Local\Programs\Julia-1.8.0-DEV\share/julia/test\broadcast.jl
namedtuple        (18) |     6.29 |   0.09 |  1.5 |     279.57 |   333.63
complex           (18) |        started at 2021-12-29T22:24:59.193
      From worker 18:	Interpreting C:\Users\Win10\AppData\Local\Programs\Julia-1.8.0-DEV\share/julia/test\complex.jl
mpfr              (19) |        started at 2021-12-29T22:24:59.821
      From worker 19:	Interpreting C:\Users\Win10\AppData\Local\Programs\Julia-1.8.0-DEV\share/julia/test\mpfr.jl
abstractarray     (12) |   211.12 |   7.73 |  3.7 |   10984.26 |   591.60
floatapprox       (12) |        started at 2021-12-29T22:25:12.808
      From worker 12:	Interpreting C:\Users\Win10\AppData\Local\Programs\Julia-1.8.0-DEV\share/julia/test\floatapprox.jl
floatapprox       (12) |     5.88 |   0.20 |  3.4 |     309.54 |   602.03
reflection        (12) |        started at 2021-12-29T22:25:19.003
      From worker 12:	Interpreting C:\Users\Win10\AppData\Local\Programs\Julia-1.8.0-DEV\share/julia/test\reflection.jl
complex           (18) |    31.76 |   1.12 |  3.5 |    1628.69 |   390.66
regex             (18) |        started at 2021-12-29T22:25:30.964
      From worker 18:	Interpreting C:\Users\Win10\AppData\Local\Programs\Julia-1.8.0-DEV\share/julia/test\regex.jl
core              (10) |         failed at 2021-12-29T22:25:32.846
Test Failed at C:\Users\Win10\AppData\Local\Programs\Julia-1.8.0-DEV\share/julia/test\core.jl:986
  Expression: caught == 42
   Evaluated: (exception = 42, backtrace = Union{Ptr{Nothing}, Base.InterpreterIP}[Ptr{Nothing} @0x00000000654292db, Ptr{Nothing} @0x0000000065429328, Ptr{Nothing} @0x000000006542acad, Ptr{Nothing} @0x000000000e8ea0fd, Ptr{Nothing} @0x000000006542acad, Ptr{Nothing} @0x000000000e8ea023, Ptr{Nothing} @0x000000006542acad, Ptr{Nothing} @0x0000000047e30ee4, Ptr{Nothing} @0x0000000047e2fe66, Ptr{Nothing} @0x0000000047e2fff6  â€¦  Ptr{Nothing} @0x000000006542acad, Ptr{Nothing} @0x0000000047e1dcc0, Ptr{Nothing} @0x000000006542acad, Ptr{Nothing} @0x0000000047e1db43, Ptr{Nothing} @0x000000006542acad, Ptr{Nothing} @0x0000000047e13d89, Ptr{Nothing} @0x0000000047e13fbb, Ptr{Nothing} @0x0000000047e14115, Ptr{Nothing} @0x0000000047e14373, Ptr{Nothing} @0x000000006543d091]) == 42
Error During Test at C:\Users\Win10\AppData\Local\Programs\Julia-1.8.0-DEV\share/julia/test\core.jl:2484
  Test threw exception
  Expression: x(3) == 26
  
Error During Test at C:\Users\Win10\AppData\Local\Programs\Julia-1.8.0-DEV\share/julia/test\core.jl:2517
  Test threw exception
  Expression: c((eval(n))()) === nothing
  
Test Failed at C:\Users\Win10\AppData\Local\Programs\Julia-1.8.0-DEV\share/julia/test\core.jl:3431
  Expression: a25724 == [[0], [0], [0]]
   Evaluated: Any[[0], [1], [2]] == [[0], [0], [0]]
Test Failed at C:\Users\Win10\AppData\Local\Programs\Julia-1.8.0-DEV\share/julia/test\core.jl:5779
  Expression: a == [false, false]
   Evaluated: Any[false, true] == Bool[0, 0]
Test Failed at C:\Users\Win10\AppData\Local\Programs\Julia-1.8.0-DEV\share/julia/test\core.jl:5789
  Expression: a == [false, false]
   Evaluated: Any[false, true] == Bool[0, 0]

regex             (18) |     4.39 |   0.07 |  1.6 |     188.16 |   390.66
float16           (18) |        started at 2021-12-29T22:25:35.361
      From worker 18:	Interpreting C:\Users\Win10\AppData\Local\Programs\Julia-1.8.0-DEV\share/julia/test\float16.jl
reflection        (12) |    18.74 |   0.58 |  3.1 |     946.62 |   615.00
combinatorics     (12) |        started at 2021-12-29T22:25:37.755
      From worker 12:	Interpreting C:\Users\Win10\AppData\Local\Programs\Julia-1.8.0-DEV\share/julia/test\combinatorics.jl
mpfr              (19) |    40.93 |   0.86 |  2.1 |    1333.79 |   647.50
sysinfo           (19) |        started at 2021-12-29T22:25:41.378
      From worker 19:	Interpreting C:\Users\Win10\AppData\Local\Programs\Julia-1.8.0-DEV\share/julia/test\sysinfo.jl
sysinfo           (19) |     0.43 |   0.01 |  3.0 |      27.83 |   647.50
rounding          (19) |        started at 2021-12-29T22:25:41.818
      From worker 19:	Interpreting C:\Users\Win10\AppData\Local\Programs\Julia-1.8.0-DEV\share/julia/test\rounding.jl
env               (20) |        started at 2021-12-29T22:25:42.983
      From worker 20:	Interpreting C:\Users\Win10\AppData\Local\Programs\Julia-1.8.0-DEV\share/julia/test\env.jl
float16           (18) |    10.94 |   0.35 |  3.2 |    1338.43 |   390.66
ranges            (18) |        started at 2021-12-29T22:25:46.307
      From worker 18:	Interpreting C:\Users\Win10\AppData\Local\Programs\Julia-1.8.0-DEV\share/julia/test\ranges.jl
env               (20) |     6.34 |   0.13 |  2.1 |     438.96 |   288.01
mod2pi            (20) |        started at 2021-12-29T22:25:49.929
      From worker 20:	Interpreting C:\Users\Win10\AppData\Local\Programs\Julia-1.8.0-DEV\share/julia/test\mod2pi.jl
mod2pi            (20) |     1.66 |   0.02 |  1.4 |     106.30 |   293.10
euler             (20) |        started at 2021-12-29T22:25:51.602
      From worker 20:	Interpreting C:\Users\Win10\AppData\Local\Programs\Julia-1.8.0-DEV\share/julia/test\euler.jl
rounding          (19) |     9.98 |   0.19 |  1.9 |     573.58 |   647.50
show              (19) |        started at 2021-12-29T22:25:51.809
      From worker 19:	Interpreting C:\Users\Win10\AppData\Local\Programs\Julia-1.8.0-DEV\share/julia/test\show.jl
euler             (20) |     3.25 |   0.06 |  1.8 |     209.71 |   341.94
client            (20) |        started at 2021-12-29T22:25:54.863
      From worker 20:	Interpreting C:\Users\Win10\AppData\Local\Programs\Julia-1.8.0-DEV\share/julia/test\client.jl
combinatorics     (12) |    17.45 |   0.76 |  4.4 |    1364.81 |   640.79
errorshow         (12) |        started at 2021-12-29T22:25:55.216
      From worker 12:	Interpreting C:\Users\Win10\AppData\Local\Programs\Julia-1.8.0-DEV\share/julia/test\errorshow.jl
client            (20) |     3.68 |   0.04 |  1.2 |     137.49 |   375.76
sets              (20) |        started at 2021-12-29T22:25:58.551
      From worker 20:	Interpreting C:\Users\Win10\AppData\Local\Programs\Julia-1.8.0-DEV\share/julia/test\sets.jl
      From worker 12:	:code_state_from_call = :code_state_from_call
      From worker 12:	fun = Main.Test100Main_errorshow.var"#g11007#15"()
errorshow         (12) |         failed at 2021-12-29T22:26:14.435
Test Failed at C:\Users\Win10\AppData\Local\Programs\Julia-1.8.0-DEV\share/julia/test\errorshow.jl:201
  Expression: typeof(err) === $(Expr(:escape, :UndefVarError))
   Evaluated: AssertionError === UndefVarError
Test Failed at C:\Users\Win10\AppData\Local\Programs\Julia-1.8.0-DEV\share/julia/test\errorshow.jl:340
  Expression: err_str == "UndefVarError: undefvar not defined"
   Evaluated: "AssertionError: isassigned(codestate.slots, slotnumber.id)" == "UndefVarError: undefvar not defined"
Test Failed at C:\Users\Win10\AppData\Local\Programs\Julia-1.8.0-DEV\share/julia/test\errorshow.jl:201
  Expression: typeof(err) === $(Expr(:escape, :MethodError))
   Evaluated: AssertionError === MethodError
Test Failed at C:\Users\Win10\AppData\Local\Programs\Julia-1.8.0-DEV\share/julia/test\errorshow.jl:373
  Expression: occursin("MethodError: objects of type Symbol are not callable", err_str)
   Evaluated: occursin("MethodError: objects of type Symbol are not callable", "AssertionError: fun isa Base.Callable")
Test Failed at C:\Users\Win10\AppData\Local\Programs\Julia-1.8.0-DEV\share/julia/test\errorshow.jl:201
  Expression: typeof(err) === $(Expr(:escape, :MethodError))
   Evaluated: AssertionError === MethodError
Test Failed at C:\Users\Win10\AppData\Local\Programs\Julia-1.8.0-DEV\share/julia/test\errorshow.jl:377
  Expression: occursin("MethodError: objects of type $(curmod_prefix)EightBitType are not callable", err_str)
   Evaluated: occursin("MethodError: objects of type Main.Test100Main_errorshow.EightBitType are not callable", "AssertionError: fun isa Base.Callable")
Test Failed at C:\Users\Win10\AppData\Local\Programs\Julia-1.8.0-DEV\share/julia/test\errorshow.jl:201
  Expression: typeof(err) === $(Expr(:escape, :MethodError))
   Evaluated: AssertionError === MethodError
Test Failed at C:\Users\Win10\AppData\Local\Programs\Julia-1.8.0-DEV\share/julia/test\errorshow.jl:383
  Expression: occursin("MethodError: objects of type $(curmod_prefix)EightBitTypeT{Int32} are not callable", err_str)
   Evaluated: occursin("MethodError: objects of type Main.Test100Main_errorshow.EightBitTypeT{Int32} are not callable", "AssertionError: fun isa Base.Callable")
Test Failed at C:\Users\Win10\AppData\Local\Programs\Julia-1.8.0-DEV\share/julia/test\errorshow.jl:201
  Expression: typeof(err) === $(Expr(:escape, :MethodError))
   Evaluated: AssertionError === MethodError
Test Failed at C:\Users\Win10\AppData\Local\Programs\Julia-1.8.0-DEV\share/julia/test\errorshow.jl:387
  Expression: occursin("MethodError: objects of type Vector{$(Int)} are not callable\nUse square brackets [] for indexing an Array.", err_str)
   Evaluated: occursin("MethodError: objects of type Vector{Int64} are not callable\nUse square brackets [] for indexing an Array.", "AssertionError: fun isa Base.Callable")
Test Failed at C:\Users\Win10\AppData\Local\Programs\Julia-1.8.0-DEV\share/julia/test\errorshow.jl:201
  Expression: typeof(err) === $(Expr(:escape, :MethodError))
   Evaluated: AssertionError === MethodError
Test Failed at C:\Users\Win10\AppData\Local\Programs\Julia-1.8.0-DEV\share/julia/test\errorshow.jl:390
  Expression: occursin("MethodError: objects of type Vector{Float64} are not callable", err_str)
   Evaluated: occursin("MethodError: objects of type Vector{Float64} are not callable", "AssertionError: fun isa Base.Callable")
Test Failed at C:\Users\Win10\AppData\Local\Programs\Julia-1.8.0-DEV\share/julia/test\errorshow.jl:236
  Expression: typeof(err) === $(Expr(:escape, :ErrorException))
   Evaluated: AssertionError === ErrorException
Test Failed at C:\Users\Win10\AppData\Local\Programs\Julia-1.8.0-DEV\share/julia/test\errorshow.jl:454
  Expression: err_str == "(::String)() at $(sn):$(method_defs_lineno + 1)"
   Evaluated: "lookup_lower(codestate::JuliaInterp.CodeState, #unused#::Val{:call}, args::Vector{Any}) at lower.jl:51" == "(::String)() at errorshow.jl:408"
Test Failed at C:\Users\Win10\AppData\Local\Programs\Julia-1.8.0-DEV\share/julia/test\errorshow.jl:456
  Expression: err_str == "$(curmod_prefix)EightBitType() at $(sn):$(method_defs_lineno + 2)"
   Evaluated: "invokelatest(::Any, ::Any, ::Vararg{Any}; kwargs::Base.Pairs{Symbol, Union{}, Tuple{}, NamedTuple{(), Tuple{}}}) at essentials.jl:731" == "Main.Test100Main_errorshow.EightBitType() at errorshow.jl:409"
Test Failed at C:\Users\Win10\AppData\Local\Programs\Julia-1.8.0-DEV\share/julia/test\errorshow.jl:236
  Expression: typeof(err) === $(Expr(:escape, :ErrorException))
   Evaluated: AssertionError === ErrorException
Test Failed at C:\Users\Win10\AppData\Local\Programs\Julia-1.8.0-DEV\share/julia/test\errorshow.jl:458
  Expression: err_str == "(::$(curmod_prefix)EightBitType)() at $(sn):$(method_defs_lineno + 3)"
   Evaluated: "lookup_lower(codestate::JuliaInterp.CodeState, #unused#::Val{:call}, args::Vector{Any}) at lower.jl:51" == "(::Main.Test100Main_errorshow.EightBitType)() at errorshow.jl:410"
Test Failed at C:\Users\Win10\AppData\Local\Programs\Julia-1.8.0-DEV\share/julia/test\errorshow.jl:460
  Expression: err_str == "$(curmod_prefix)EightBitTypeT() at $(sn):$(method_defs_lineno + 4)"
   Evaluated: "invokelatest(::Any, ::Any, ::Vararg{Any}; kwargs::Base.Pairs{Symbol, Union{}, Tuple{}, NamedTuple{(), Tuple{}}}) at essentials.jl:731" == "Main.Test100Main_errorshow.EightBitTypeT() at errorshow.jl:411"
Test Failed at C:\Users\Win10\AppData\Local\Programs\Julia-1.8.0-DEV\share/julia/test\errorshow.jl:462
  Expression: err_str == "$(curmod_prefix)EightBitTypeT{Int32}() at $(sn):$(method_defs_lineno + 5)"
   Evaluated: "invokelatest(::Any, ::Any, ::Vararg{Any}; kwargs::Base.Pairs{Symbol, Union{}, Tuple{}, NamedTuple{(), Tuple{}}}) at essentials.jl:731" == "Main.Test100Main_errorshow.EightBitTypeT{Int32}() at errorshow.jl:412"
Test Failed at C:\Users\Win10\AppData\Local\Programs\Julia-1.8.0-DEV\share/julia/test\errorshow.jl:236
  Expression: typeof(err) === $(Expr(:escape, :ErrorException))
   Evaluated: AssertionError === ErrorException
Test Failed at C:\Users\Win10\AppData\Local\Programs\Julia-1.8.0-DEV\share/julia/test\errorshow.jl:464
  Expression: err_str == "(::$(curmod_prefix)EightBitTypeT{Int32})() at $(sn):$(method_defs_lineno + 6)"
   Evaluated: "lookup_lower(codestate::JuliaInterp.CodeState, #unused#::Val{:call}, args::Vector{Any}) at lower.jl:51" == "(::Main.Test100Main_errorshow.EightBitTypeT{Int32})() at errorshow.jl:413"
Test Failed at C:\Users\Win10\AppData\Local\Programs\Julia-1.8.0-DEV\share/julia/test\errorshow.jl:466
  Expression: err_str == "(::$(curmod_prefix)FunctionLike)() at $(sn):$(method_defs_lineno + 7)"
   Evaluated: "invokelatest(::Any, ::Any, ::Vararg{Any}; kwargs::Base.Pairs{Symbol, Union{}, Tuple{}, NamedTuple{(), Tuple{}}}) at essentials.jl:731" == "(::Main.Test100Main_errorshow.FunctionLike)() at errorshow.jl:414"
Test Failed at C:\Users\Win10\AppData\Local\Programs\Julia-1.8.0-DEV\share/julia/test\errorshow.jl:201
  Expression: typeof(err) === $(Expr(:escape, :MethodError))
   Evaluated: AssertionError === MethodError
Test Failed at C:\Users\Win10\AppData\Local\Programs\Julia-1.8.0-DEV\share/julia/test\errorshow.jl:646
  Expression: occursin("objects of type $(curmod_prefix)ANumber are not callable", err_str)
   Evaluated: occursin("objects of type Main.Test100Main_errorshow.ANumber are not callable", "AssertionError: fun isa Base.Callable")
Test Failed at C:\Users\Win10\AppData\Local\Programs\Julia-1.8.0-DEV\share/julia/test\errorshow.jl:647
  Expression: count((==)("Maybe you forgot to use an operator such as *, ^, %, / etc. ?"), split(err_str, '\n')) == 1
   Evaluated: 0 == 1
Test Failed at C:\Users\Win10\AppData\Local\Programs\Julia-1.8.0-DEV\share/julia/test\errorshow.jl:201
  Expression: typeof(err) === $(Expr(:escape, :MethodError))
   Evaluated: AssertionError === MethodError
Test Failed at C:\Users\Win10\AppData\Local\Programs\Julia-1.8.0-DEV\share/julia/test\errorshow.jl:650
  Expression: count((==)("Maybe you forgot to use an operator such as *, ^, %, / etc. ?"), split(err_str, '\n')) == 1
   Evaluated: 0 == 1

goto              (21) |        started at 2021-12-29T22:26:24.710
      From worker 21:	Interpreting C:\Users\Win10\AppData\Local\Programs\Julia-1.8.0-DEV\share/julia/test\goto.jl
goto              (21) |     5.47 |   0.14 |  2.5 |     429.60 |   285.91
llvmcall          (21) |        started at 2021-12-29T22:26:30.806
      From worker 21:	Interpreting C:\Users\Win10\AppData\Local\Programs\Julia-1.8.0-DEV\share/julia/test\llvmcall.jl
strings/types      (8) |   348.75 |   3.22 |  0.9 |   21489.03 |   340.50
llvmcall2          (8) |        started at 2021-12-29T22:26:31.584
      From worker 8:	Interpreting C:\Users\Win10\AppData\Local\Programs\Julia-1.8.0-DEV\share/julia/test\llvmcall2.jl
llvmcall2          (8) |     0.62 |   0.02 |  2.9 |      47.17 |   341.98
ryu                (8) |        started at 2021-12-29T22:26:32.216
      From worker 8:	Interpreting C:\Users\Win10\AppData\Local\Programs\Julia-1.8.0-DEV\share/julia/test\ryu.jl
llvmcall          (21) |     1.55 |   0.03 |  1.9 |      83.90 |   299.84
some              (21) |        started at 2021-12-29T22:26:32.375
      From worker 21:	Interpreting C:\Users\Win10\AppData\Local\Programs\Julia-1.8.0-DEV\share/julia/test\some.jl
some              (21) |     2.00 |   0.04 |  2.0 |      94.64 |   305.19
meta              (21) |        started at 2021-12-29T22:26:34.383
      From worker 21:	Interpreting C:\Users\Win10\AppData\Local\Programs\Julia-1.8.0-DEV\share/julia/test\meta.jl
ryu                (8) |     4.13 |   0.11 |  2.6 |     113.70 |   378.25
stacktraces        (8) |        started at 2021-12-29T22:26:36.357
      From worker 8:	Interpreting C:\Users\Win10\AppData\Local\Programs\Julia-1.8.0-DEV\share/julia/test\stacktraces.jl
meta              (21) |     4.90 |   0.04 |  0.9 |     193.14 |   344.42
docs              (21) |        started at 2021-12-29T22:26:39.300
      From worker 21:	Interpreting C:\Users\Win10\AppData\Local\Programs\Julia-1.8.0-DEV\share/julia/test\docs.jl
subarray           (3) |   357.48 |  10.35 |  2.9 |   20643.24 |  1019.72
misc               (3) |        started at 2021-12-29T22:26:40.273
      From worker 3:	Interpreting C:\Users\Win10\AppData\Local\Programs\Julia-1.8.0-DEV\share/julia/test\misc.jl
stacktraces        (8) |         failed at 2021-12-29T22:26:44.644
Test Failed at C:\Users\Win10\AppData\Local\Programs\Julia-1.8.0-DEV\share/julia/test\stacktraces.jl:17
  Expression: [:child, :parent, :grandparent] == [f.func for f = stack[1:3]]
   Evaluated: [:child, :parent, :grandparent] == [:child, :parent, Symbol("#invokelatest#2")]
Test Failed at C:\Users\Win10\AppData\Local\Programs\Julia-1.8.0-DEV\share/julia/test\stacktraces.jl:19
  Expression: [Symbol(#= C:\Users\Win10\AppData\Local\Programs\Julia-1.8.0-DEV\share/julia/test\stacktraces.jl:19 =# @__FILE__()), line] == [frame.file, frame.line]
   Evaluated: Any[Symbol("C:\\Users\\Win10\\AppData\\Local\\Programs\\Julia-1.8.0-DEV\\share/julia/test\\stacktraces.jl"), 10] == Any[Symbol(".\\essentials.jl"), 731]
Test Failed at C:\Users\Win10\AppData\Local\Programs\Julia-1.8.0-DEV\share/julia/test\stacktraces.jl:25
  Expression: stack[1] == StackFrame(:grandparent, #= C:\Users\Win10\AppData\Local\Programs\Julia-1.8.0-DEV\share/julia/test\stacktraces.jl:25 =# @__FILE__(), line_numbers[3])
   Evaluated: #invokelatest#2 at essentials.jl:731 [inlined] == grandparent at stacktraces.jl:10
Test Failed at C:\Users\Win10\AppData\Local\Programs\Julia-1.8.0-DEV\share/julia/test\stacktraces.jl:28
  Expression: stack[1:2] == [StackFrame(:parent, #= C:\Users\Win10\AppData\Local\Programs\Julia-1.8.0-DEV\share/julia/test\stacktraces.jl:29 =# @__FILE__(), line_numbers[2]), StackFrame(:grandparent, #= C:\Users\Win10\AppData\Local\Programs\Julia-1.8.0-DEV\share/julia/test\stacktraces.jl:30 =# @__FILE__(), line_numbers[3])]
   Evaluated: Base.StackTraces.StackFrame[(::Main.Test86Main_stacktraces.var"#parent#4"{Main.Test86Main_stacktraces.var"#child#3"})() at stacktraces.jl:9, #invokelatest#2 at essentials.jl:731 [inlined]] == Base.StackTraces.StackFrame[parent at stacktraces.jl:9, grandparent at stacktraces.jl:10]
Test Failed at C:\Users\Win10\AppData\Local\Programs\Julia-1.8.0-DEV\share/julia/test\stacktraces.jl:45
  Expression: default == without_c
   Evaluated: Base.StackTraces.StackFrame[#invokelatest#2 at essentials.jl:731 [inlined], invokelatest(::Any) at essentials.jl:729, lookup_lower(codestate::JuliaInterp.CodeState, #unused#::Val{:call}, args::Vector{Any}) at lower.jl:84, lookup_lower(codestate::JuliaInterp.CodeState, expr::Expr) at lower.jl:168, interpret_lower(codestate::JuliaInterp.CodeState, #unused#::Val{:call}, args::Vector{Any}) at lower.jl:211, interpret_lower(codestate::JuliaInterp.CodeState, expr::Expr) at lower.jl:364, run_code_state(codestate::JuliaInterp.CodeState) at types.jl:197, interpret_lower(interpstate::JuliaInterp.InterpState, parent::Nothing, src::Core.CodeInfo) at lower.jl:382, eval_lower_ast(interpstate::JuliaInterp.InterpState, expr::Expr) at ast.jl:19, interpret_ast(interpstate::JuliaInterp.InterpState, #unused#::Val{:let}, args::Vector{Any}) at ast.jl:93  â€¦  macro expansion at timing.jl:439 [inlined], runtests(name::String, path::String, isolate::Bool; seed::UInt128) at testdefs.jl:21, runtests at testdefs.jl:6 [inlined], (::var"#runtests##kw")(::NamedTuple{(:seed,), Tuple{UInt128}}, ::typeof(runtests), name::String, path::String) at testdefs.jl:6, invokelatest(::Any, ::Any, ::Vararg{Any}; kwargs::Base.Pairs{Symbol, UInt128, Tuple{Symbol}, NamedTuple{(:seed,), Tuple{UInt128}}}) at essentials.jl:733, (::Base.var"#invokelatest##kw")(::NamedTuple{(:seed,), Tuple{UInt128}}, ::typeof(Base.invokelatest), ::Any, ::Any, ::Vararg{Any}) at essentials.jl:729, (::Distributed.var"#106#108"{Distributed.CallMsg{:call_fetch}})() at process_messages.jl:278, run_work_thunk(thunk::Distributed.var"#106#108"{Distributed.CallMsg{:call_fetch}}, print_error::Bool) at process_messages.jl:63, macro expansion at process_messages.jl:278 [inlined], (::Distributed.var"#105#107"{Distributed.CallMsg{:call_fetch}, Distributed.MsgHeader, Sockets.TCPSocket})() at task.jl:466] == Base.StackTraces.StackFrame[invokelatest(::Any, ::Any, ::Vararg{Any}; kwargs::Base.Pairs{Symbol, Union{}, Tuple{}, NamedTuple{(), Tuple{}}}) at essentials.jl:731, invokelatest(::Any, ::Any, ::Vararg{Any}) at essentials.jl:729, lookup_lower(codestate::JuliaInterp.CodeState, #unused#::Val{:call}, args::Vector{Any}) at lower.jl:84, lookup_lower(codestate::JuliaInterp.CodeState, expr::Expr) at lower.jl:168, interpret_lower(codestate::JuliaInterp.CodeState, #unused#::Val{:call}, args::Vector{Any}) at lower.jl:211, interpret_lower(codestate::JuliaInterp.CodeState, expr::Expr) at lower.jl:364, run_code_state(codestate::JuliaInterp.CodeState) at types.jl:197, interpret_lower(interpstate::JuliaInterp.InterpState, parent::Nothing, src::Core.CodeInfo) at lower.jl:382, eval_lower_ast(interpstate::JuliaInterp.InterpState, expr::Expr) at ast.jl:19, interpret_ast(interpstate::JuliaInterp.InterpState, #unused#::Val{:let}, args::Vector{Any}) at ast.jl:93  â€¦  macro expansion at timing.jl:439 [inlined], runtests(name::String, path::String, isolate::Bool; seed::UInt128) at testdefs.jl:21, runtests at testdefs.jl:6 [inlined], (::var"#runtests##kw")(::NamedTuple{(:seed,), Tuple{UInt128}}, ::typeof(runtests), name::String, path::String) at testdefs.jl:6, invokelatest(::Any, ::Any, ::Vararg{Any}; kwargs::Base.Pairs{Symbol, UInt128, Tuple{Symbol}, NamedTuple{(:seed,), Tuple{UInt128}}}) at essentials.jl:733, (::Base.var"#invokelatest##kw")(::NamedTuple{(:seed,), Tuple{UInt128}}, ::typeof(Base.invokelatest), ::Any, ::Any, ::Vararg{Any}) at essentials.jl:729, (::Distributed.var"#106#108"{Distributed.CallMsg{:call_fetch}})() at process_messages.jl:278, run_work_thunk(thunk::Distributed.var"#106#108"{Distributed.CallMsg{:call_fetch}}, print_error::Bool) at process_messages.jl:63, macro expansion at process_messages.jl:278 [inlined], (::Distributed.var"#105#107"{Distributed.CallMsg{:call_fetch}, Distributed.MsgHeader, Sockets.TCPSocket})() at task.jl:466]
Test Failed at C:\Users\Win10\AppData\Local\Programs\Julia-1.8.0-DEV\share/julia/test\stacktraces.jl:144
  Expression: occursin("unfiltered_stacktrace", string(trace))
   Evaluated: occursin("unfiltered_stacktrace", "Base.StackTraces.StackFrame[#invokelatest#2 at essentials.jl:731 [inlined], invokelatest(::Any) at essentials.jl:729, lookup_lower(codestate::JuliaInterp.CodeState, #unused#::Val{:call}, args::Vector{Any}) at lower.jl:84, lookup_lower(codestate::JuliaInterp.CodeState, expr::Expr) at lower.jl:168, interpret_lower(codestate::JuliaInterp.CodeState, #unused#::Val{:call}, args::Vector{Any}) at lower.jl:211, interpret_lower(codestate::JuliaInterp.CodeState, expr::Expr) at lower.jl:364, run_code_state(codestate::JuliaInterp.CodeState) at types.jl:197, lookup_lower(codestate::JuliaInterp.CodeState, #unused#::Val{:call}, args::Vector{Any}) at lower.jl:65, lookup_lower(codestate::JuliaInterp.CodeState, expr::Expr) at lower.jl:168, interpret_lower(codestate::JuliaInterp.CodeState, #unused#::Val{:call}, args::Vector{Any}) at lower.jl:211, interpret_lower(codestate::JuliaInterp.CodeState, expr::Expr) at lower.jl:364, run_code_state(codestate::JuliaInterp.CodeState) at types.jl:197, interpret_lower(interpstate::JuliaInterp.InterpState, parent::Nothing, src::Core.CodeInfo) at lower.jl:382, eval_lower_ast(interpstate::JuliaInterp.InterpState, expr::Expr) at ast.jl:19, interpret_ast(interpstate::JuliaInterp.InterpState, #unused#::Val{:(=)}, args::Vector{Any}) at ast.jl:73, interpret_ast(interpstate::JuliaInterp.InterpState, expr::Expr) at ast.jl:199, interpret_ast(interpstate::JuliaInterp.InterpState, #unused#::Val{:toplevel}, args::Vector{Any}) at ast.jl:185, interpret_ast(interpstate::JuliaInterp.InterpState, expr::Expr) at ast.jl:199, interpret_ast at ast.jl:204 [inlined], include(mod::Module, path::String, debug::Bool, budget::UInt64) at JuliaInterp.jl:16, include(mod::Module, path::String) at JuliaInterp.jl:10, macro expansion at testdefs.jl:26 [inlined], macro expansion at Test.jl:1375 [inlined], macro expansion at testdefs.jl:23 [inlined], macro expansion at timing.jl:439 [inlined], runtests(name::String, path::String, isolate::Bool; seed::UInt128) at testdefs.jl:21, runtests at testdefs.jl:6 [inlined], (::var\"#runtests##kw\")(::NamedTuple{(:seed,), Tuple{UInt128}}, ::typeof(runtests), name::String, path::String) at testdefs.jl:6, invokelatest(::Any, ::Any, ::Vararg{Any}; kwargs::Base.Pairs{Symbol, UInt128, Tuple{Symbol}, NamedTuple{(:seed,), Tuple{UInt128}}}) at essentials.jl:733, (::Base.var\"#invokelatest##kw\")(::NamedTuple{(:seed,), Tuple{UInt128}}, ::typeof(Base.invokelatest), ::Any, ::Any, ::Vararg{Any}) at essentials.jl:729, (::Distributed.var\"#106#108\"{Distributed.CallMsg{:call_fetch}})() at process_messages.jl:278, run_work_thunk(thunk::Distributed.var\"#106#108\"{Distributed.CallMsg{:call_fetch}}, print_error::Bool) at process_messages.jl:63, macro expansion at process_messages.jl:278 [inlined], (::Distributed.var\"#105#107\"{Distributed.CallMsg{:call_fetch}, Distributed.MsgHeader, Sockets.TCPSocket})() at task.jl:466]")
Test Failed at C:\Users\Win10\AppData\Local\Programs\Julia-1.8.0-DEV\share/julia/test\stacktraces.jl:158
  Expression: (bt[1]).line == topline + 4
   Evaluated: 136 == 153

sets              (20) |    49.97 |   1.15 |  2.3 |    1733.76 |   429.40
binaryplatforms   (20) |        started at 2021-12-29T22:26:48.556
      From worker 20:	Interpreting C:\Users\Win10\AppData\Local\Programs\Julia-1.8.0-DEV\share/julia/test\binaryplatforms.jl
      From worker 3:	  0.000001 seconds
      From worker 3:	message: 0.000001 seconds
      From worker 3:	message: 0.004696 seconds (103 allocations: 4.328 KiB, 95.99% compilation time)
      From worker 3:	message: 0.000032 seconds (83 allocations: 2.891 KiB)
      From worker 3:	  0.000001 seconds
      From worker 3:	elapsed time (ns): 700
      From worker 3:	message: 0.000001 seconds
      From worker 3:	elapsed time (ns): 600
      From worker 3:	message: 0.000035 seconds (83 allocations: 2.891 KiB)
      From worker 3:	elapsed time (ns): 34800
      From worker 3:	bytes allocated:   2960
      From worker 3:	pool allocs:       83
      From worker 3:	message: 0.000060 seconds (83 allocations: 2.891 KiB)
      From worker 3:	elapsed time (ns): 59500
      From worker 3:	bytes allocated:   2960
      From worker 3:	pool allocs:       83
      From worker 3:	true: 0.000005 seconds
      From worker 3:	foo(): 0.000134 seconds (437 allocations: 27.703 KiB, 58.71% compilation time)
      From worker 3:	foo(): 0.000131 seconds (437 allocations: 27.703 KiB, 61.10% compilation time)
docs              (21) |    11.88 |   0.48 |  4.1 |     649.02 |   367.32
atexit            (21) |        started at 2021-12-29T22:26:51.193
      From worker 21:	Interpreting C:\Users\Win10\AppData\Local\Programs\Julia-1.8.0-DEV\share/julia/test\atexit.jl
enums             (22) |        started at 2021-12-29T22:26:54.424
      From worker 22:	Interpreting C:\Users\Win10\AppData\Local\Programs\Julia-1.8.0-DEV\share/julia/test\enums.jl
binaryplatforms   (20) |    11.50 |   0.18 |  1.5 |     449.03 |   435.04
cmdlineargs       (20) |        started at 2021-12-29T22:27:00.071
      From worker 20:	Interpreting C:\Users\Win10\AppData\Local\Programs\Julia-1.8.0-DEV\share/julia/test\cmdlineargs.jl
iterators          (9) |   247.50 |   8.27 |  3.3 |   14259.54 |   807.85
int                (9) |        started at 2021-12-29T22:27:00.083
      From worker 9:	Interpreting C:\Users\Win10\AppData\Local\Programs\Julia-1.8.0-DEV\share/julia/test\int.jl
atexit            (21) |    14.66 |   0.02 |  0.1 |      33.13 |   367.32
interpreter       (21) |        started at 2021-12-29T22:27:05.866
      From worker 21:	Interpreting C:\Users\Win10\AppData\Local\Programs\Julia-1.8.0-DEV\share/julia/test\interpreter.jl
enums             (22) |    12.46 |   0.25 |  2.0 |     796.00 |   297.43
checked           (22) |        started at 2021-12-29T22:27:07.464
      From worker 22:	Interpreting C:\Users\Win10\AppData\Local\Programs\Julia-1.8.0-DEV\share/julia/test\checked.jl
sorting            (4) |   230.57 |   5.47 |  2.4 |    9798.87 |   784.96
bitset             (4) |        started at 2021-12-29T22:27:07.506
      From worker 4:	Interpreting C:\Users\Win10\AppData\Local\Programs\Julia-1.8.0-DEV\share/julia/test\bitset.jl
interpreter       (21) |     2.77 |   0.00 |  0.0 |      14.94 |   367.32
floatfuncs        (21) |        started at 2021-12-29T22:27:08.650
      From worker 21:	Interpreting C:\Users\Win10\AppData\Local\Programs\Julia-1.8.0-DEV\share/julia/test\floatfuncs.jl
bitset             (4) |     4.51 |   0.12 |  2.6 |     204.50 |   784.96
boundscheck        (4) |        started at 2021-12-29T22:27:12.033
      From worker 4:	Interpreting C:\Users\Win10\AppData\Local\Programs\Julia-1.8.0-DEV\share/julia/test\boundscheck.jl
int                (9) |    13.54 |   0.32 |  2.4 |     515.80 |   807.85
error              (9) |        started at 2021-12-29T22:27:13.634
      From worker 9:	Interpreting C:\Users\Win10\AppData\Local\Programs\Julia-1.8.0-DEV\share/julia/test\error.jl
show              (19) |    84.22 |   1.84 |  2.2 |    4036.21 |   647.50
cartesian         (19) |        started at 2021-12-29T22:27:16.033
      From worker 19:	Interpreting C:\Users\Win10\AppData\Local\Programs\Julia-1.8.0-DEV\share/julia/test\cartesian.jl
error              (9) |     2.48 |   0.03 |  1.4 |      71.86 |   807.85
osutils            (9) |        started at 2021-12-29T22:27:16.122
      From worker 9:	Interpreting C:\Users\Win10\AppData\Local\Programs\Julia-1.8.0-DEV\share/julia/test\osutils.jl
osutils            (9) |     0.22 |   0.00 |  0.0 |       3.95 |   807.85
channels           (9) |        started at 2021-12-29T22:27:16.356
      From worker 9:	Interpreting C:\Users\Win10\AppData\Local\Programs\Julia-1.8.0-DEV\share/julia/test\channels.jl
      From worker 4:	Test Summary:                                               | Pass  Total  Time
      From worker 4:	pass inbounds meta to getindex on CartesianIndices (#42115) |    2      2  0.1s
      From worker 4:	Test Summary:                                               | Pass  Total  Time
      From worker 4:	pass inbounds meta to getindex on CartesianIndices (#42115) |    2      2  0.1s
checked           (22) |    16.76 |   0.33 |  2.0 |     279.47 |   415.36
iostream          (22) |        started at 2021-12-29T22:27:24.234
      From worker 22:	Interpreting C:\Users\Win10\AppData\Local\Programs\Julia-1.8.0-DEV\share/julia/test\iostream.jl
ranges            (18) |    97.95 |   4.98 |  5.1 |   10235.61 |   517.46
secretbuffer      (18) |        started at 2021-12-29T22:27:24.286
      From worker 18:	Interpreting C:\Users\Win10\AppData\Local\Programs\Julia-1.8.0-DEV\share/julia/test\secretbuffer.jl
      From worker 18:	testing position
secretbuffer      (18) |     1.30 |   0.37 | 28.3 |      35.16 |   517.46
specificity       (18) |        started at 2021-12-29T22:27:25.597
      From worker 18:	Interpreting C:\Users\Win10\AppData\Local\Programs\Julia-1.8.0-DEV\share/julia/test\specificity.jl
iostream          (22) |     2.90 |   0.08 |  2.8 |     209.83 |   415.36
reinterpretarray  (22) |        started at 2021-12-29T22:27:27.148
      From worker 22:	Interpreting C:\Users\Win10\AppData\Local\Programs\Julia-1.8.0-DEV\share/julia/test\reinterpretarray.jl
specificity       (18) |     2.41 |   0.06 |  2.3 |     128.58 |   517.46
      From worker 18:	â”Œ Warning: a SecretBuffer was `shred!`ed by the GC; use `shred!` manually after use to minimize exposure.
      From worker 18:	â”” @ Base secretbuffer.jl:169
      From worker 18:	â”Œ Warning: a SecretBuffer was `shred!`ed by the GC; use `shred!` manually after use to minimize exposure.
      From worker 18:	â”” @ Base secretbuffer.jl:169
      From worker 18:	â”Œ Warning: a SecretBuffer was `shred!`ed by the GC; use `shred!` manually after use to minimize exposure.
      From worker 18:	â”” @ Base secretbuffer.jl:169
syntax            (18) |        started at 2021-12-29T22:27:28.049
      From worker 18:	Interpreting C:\Users\Win10\AppData\Local\Programs\Julia-1.8.0-DEV\share/julia/test\syntax.jl
      From worker 4:	Test Summary:                                               | Pass  Total  Time
      From worker 4:	pass inbounds meta to getindex on CartesianIndices (#42115) |    2      2  0.1s
boundscheck        (4) |    16.76 |   0.00 |  0.0 |       8.27 |   784.96
corelogging        (4) |        started at 2021-12-29T22:27:28.804
      From worker 4:	Interpreting C:\Users\Win10\AppData\Local\Programs\Julia-1.8.0-DEV\share/julia/test\corelogging.jl
cartesian         (19) |    15.18 |   0.43 |  2.9 |     917.97 |   647.50
missing           (19) |        started at 2021-12-29T22:27:31.233
      From worker 19:	Interpreting C:\Users\Win10\AppData\Local\Programs\Julia-1.8.0-DEV\share/julia/test\missing.jl
      From worker 18:	:code_state_from_call = :code_state_from_call
      From worker 18:	fun = Main.Test53Main_syntax.var"#93#95"{Float64}()
corelogging        (4) |     7.55 |   0.16 |  2.1 |     282.06 |   807.12
asyncmap           (4) |        started at 2021-12-29T22:27:36.367
      From worker 4:	Interpreting C:\Users\Win10\AppData\Local\Programs\Julia-1.8.0-DEV\share/julia/test\asyncmap.jl
broadcast          (2) |   160.47 |   4.52 |  2.8 |    7623.49 |   755.38
smallarrayshrink   (2) |        started at 2021-12-29T22:27:38.618
      From worker 2:	Interpreting C:\Users\Win10\AppData\Local\Programs\Julia-1.8.0-DEV\share/julia/test\smallarrayshrink.jl
smallarrayshrink   (2) |     1.05 |   0.05 |  5.0 |      24.35 |   766.78
opaque_closure     (2) |        started at 2021-12-29T22:27:39.680
      From worker 2:	Interpreting C:\Users\Win10\AppData\Local\Programs\Julia-1.8.0-DEV\share/julia/test\opaque_closure.jl
channels           (9) |    28.23 |   5.14 | 18.2 |     644.64 |   835.07
filesystem         (9) |        started at 2021-12-29T22:27:44.598
      From worker 9:	Interpreting C:\Users\Win10\AppData\Local\Programs\Julia-1.8.0-DEV\share/julia/test\filesystem.jl
filesystem         (9) |     0.45 |   0.00 |  0.0 |      22.17 |   835.07
download           (9) |        started at 2021-12-29T22:27:45.061
      From worker 9:	Interpreting C:\Users\Win10\AppData\Local\Programs\Julia-1.8.0-DEV\share/julia/test\download.jl
      From worker 18:	WARNING: Method definition (::Test53Main_syntax.var"#f#150"{var"#s20074"})() in module Test53Main_syntax overwritten.
opaque_closure     (2) |         failed at 2021-12-29T22:27:45.581
Test Failed at C:\Users\Win10\AppData\Local\Programs\Julia-1.8.0-DEV\share/julia/test\opaque_closure.jl:121
  Expression: f(1, 1)
    Expected: TypeError
      Thrown: AssertionError
Error During Test at C:\Users\Win10\AppData\Local\Programs\Julia-1.8.0-DEV\share/julia/test\opaque_closure.jl:122
  Test threw exception
  Expression: f(2, 3.0) === (4, 9.0)
  
Error During Test at C:\Users\Win10\AppData\Local\Programs\Julia-1.8.0-DEV\share/julia/test\opaque_closure.jl:140
  Test threw exception
  Expression: g_world_age() == 1
  MethodError: objects of type Nothing are not callable
  Stacktrace:
    [1] top-level scope
      @ C:\Users\Win10\AppData\Local\Programs\Julia-1.8.0-DEV\share\julia\stdlib\v1.8\Test\src\Test.jl:479
    [2] eval
      @ .\boot.jl:368 [inlined]
    [3] eval_ast(interpstate::JuliaInterp.InterpState, expr::Expr)
      @ JuliaInterp C:\Users\Win10\Documents\GitHub\JuliaInterp.jl\src\ast.jl:5
    [4] interpret_ast(interpstate::JuliaInterp.InterpState, #unused#::Val{:macrocall}, args::Vector{Any})
      @ JuliaInterp C:\Users\Win10\Documents\GitHub\JuliaInterp.jl\src\ast.jl:63
    [5] interpret_ast(interpstate::JuliaInterp.InterpState, expr::Expr)
      @ JuliaInterp C:\Users\Win10\Documents\GitHub\JuliaInterp.jl\src\ast.jl:199
    [6] interpret_ast(interpstate::JuliaInterp.InterpState, #unused#::Val{:toplevel}, args::Vector{Any})
      @ JuliaInterp C:\Users\Win10\Documents\GitHub\JuliaInterp.jl\src\ast.jl:185
    [7] interpret_ast(interpstate::JuliaInterp.InterpState, expr::Expr)
      @ JuliaInterp C:\Users\Win10\Documents\GitHub\JuliaInterp.jl\src\ast.jl:199
    [8] interpret_ast
      @ C:\Users\Win10\Documents\GitHub\JuliaInterp.jl\src\ast.jl:204 [inlined]
    [9] include(mod::Module, path::String, debug::Bool, budget::UInt64)
      @ JuliaInterp C:\Users\Win10\Documents\GitHub\JuliaInterp.jl\src\JuliaInterp.jl:16
   [10] include(mod::Module, path::String)
      @ JuliaInterp C:\Users\Win10\Documents\GitHub\JuliaInterp.jl\src\JuliaInterp.jl:10
   [11] macro expansion
      @ C:\Users\Win10\Documents\GitHub\JuliaInterp.jl\test\testdefs.jl:26 [inlined]
   [12] macro expansion
      @ C:\Users\Win10\AppData\Local\Programs\Julia-1.8.0-DEV\share\julia\stdlib\v1.8\Test\src\Test.jl:1375 [inlined]
   [13] macro expansion
      @ C:\Users\Win10\Documents\GitHub\JuliaInterp.jl\test\testdefs.jl:23 [inlined]
   [14] macro expansion
      @ .\timing.jl:439 [inlined]
   [15] runtests(name::String, path::String, isolate::Bool; seed::UInt128)
      @ Main C:\Users\Win10\Documents\GitHub\JuliaInterp.jl\test\testdefs.jl:21
Error During Test at C:\Users\Win10\AppData\Local\Programs\Julia-1.8.0-DEV\share/julia/test\opaque_closure.jl:213
  Test threw exception
  Expression: call_global_opaque_closure() == 123
  MethodError: objects of type Nothing are not callable
  Stacktrace:
    [1] call_global_opaque_closure()
      @ Main.Test15Main_opaque_closure C:\Users\Win10\AppData\Local\Programs\Julia-1.8.0-DEV\share\julia\test\opaque_closure.jl:212
    [2] top-level scope
      @ C:\Users\Win10\AppData\Local\Programs\Julia-1.8.0-DEV\share\julia\stdlib\v1.8\Test\src\Test.jl:479
    [3] eval
      @ .\boot.jl:368 [inlined]
    [4] eval_ast(interpstate::JuliaInterp.InterpState, expr::Expr)
      @ JuliaInterp C:\Users\Win10\Documents\GitHub\JuliaInterp.jl\src\ast.jl:5
    [5] interpret_ast(interpstate::JuliaInterp.InterpState, #unused#::Val{:macrocall}, args::Vector{Any})
      @ JuliaInterp C:\Users\Win10\Documents\GitHub\JuliaInterp.jl\src\ast.jl:63
    [6] interpret_ast(interpstate::JuliaInterp.InterpState, expr::Expr)
      @ JuliaInterp C:\Users\Win10\Documents\GitHub\JuliaInterp.jl\src\ast.jl:199
    [7] interpret_ast(interpstate::JuliaInterp.InterpState, #unused#::Val{:toplevel}, args::Vector{Any})
      @ JuliaInterp C:\Users\Win10\Documents\GitHub\JuliaInterp.jl\src\ast.jl:185
    [8] interpret_ast(interpstate::JuliaInterp.InterpState, expr::Expr)
      @ JuliaInterp C:\Users\Win10\Documents\GitHub\JuliaInterp.jl\src\ast.jl:199
    [9] interpret_ast
      @ C:\Users\Win10\Documents\GitHub\JuliaInterp.jl\src\ast.jl:204 [inlined]
   [10] include(mod::Module, path::String, debug::Bool, budget::UInt64)
      @ JuliaInterp C:\Users\Win10\Documents\GitHub\JuliaInterp.jl\src\JuliaInterp.jl:16
   [11] include(mod::Module, path::String)
      @ JuliaInterp C:\Users\Win10\Documents\GitHub\JuliaInterp.jl\src\JuliaInterp.jl:10
   [12] macro expansion
      @ C:\Users\Win10\Documents\GitHub\JuliaInterp.jl\test\testdefs.jl:26 [inlined]
   [13] macro expansion
Test Summary:                     | Pass  Total  Time
Threads.Conditions must be locked |    5      5  0.1s
Test Summary:      | Pass  Total  Time
InvasiveLinkedList |   72     72  0.2s
Test Summary:        | Pass  Total  Time
@spawn interpolation |   10     10  0.4s
Test Summary:        | Pass  Total  Time
@async interpolation |    8      8  0.0s
Test Summary:                   | Pass  Total  Time
spawn interpolation: macrocalls |    2      2  2.7s
Test Summary: | Pass  Total  Time
Co-schedule   |    1      1  0.0s
Test Summary:                 | Pass  Total  Time
Threads.foreach(f, ::Channel) |    7      7  1.6s
Test Summary:     | Pass  Total  Time
Task-local random |    4      4  0.0s
Test Summary: | Pass  Total  Time
Racy `@spawn` |    1      1  0.1s
Test Summary:   | Pass  Total  Time
package loading |    1      1  0.1s
Warning: threaded loop executed in order
Warning: threaded loop executed in order
Test Summary:                     | Pass  Total  Time
Threads.Conditions must be locked |    5      5  0.1s
Test Summary:      | Pass  Total  Time
InvasiveLinkedList |   72     72  0.2s
Test Summary:        | Pass  Total  Time
@spawn interpolation |   10     10  0.4s
Test Summary:        | Pass  Total  Time
@async interpolation |    8      8  0.0s
Test Summary:                   | Pass  Total  Time
spawn interpolation: macrocalls |    2      2  2.7s
Test Summary: | Pass  Total  Time
Co-schedule   |    1      1  0.0s
Test Summary:                 | Pass  Total  Time
Threads.foreach(f, ::Channel) |    7      7  1.5s
Test Summary:     | Pass  Total  Time
Task-local random |    4      4  0.0s
Test Summary: | Pass  Total  Time
Racy `@spawn` |    1      1  0.1s
Test Summary:   | Pass  Total  Time
package loading |    1      1  0.1s
Test Summary:                     | Pass  Total  Time
Threads.Conditions must be locked |    5      5  0.1s
Test Summary:      | Pass  Total  Time
InvasiveLinkedList |   72     72  0.2s
Test Summary:        | Pass  Total  Time
@spawn interpolation |   10     10  0.4s
Test Summary:        | Pass  Total  Time
@async interpolation |    8      8  0.0s
Test Summary:                   | Pass  Total  Time
spawn interpolation: macrocalls |    2      2  2.7s
Test Summary: | Pass  Total  Time
Co-schedule   |    1      1  0.0s
Test Summary:                 | Pass  Total  Time
Threads.foreach(f, ::Channel) |    7      7  1.6s
Test Summary:     | Pass  Total  Time
Task-local random |    4      4  0.0s
Test Summary: | Pass  Total  Time
Racy `@spawn` |    1      1  0.1s
Test Summary:   | Pass  Total  Time
package loading |    1      1  0.1s
Test Summary:                     | Pass  Total  Time
Threads.Conditions must be locked |    5      5  0.0s
Test Summary:      | Pass  Total  Time
InvasiveLinkedList |   72     72  0.2s
Test Summary:        | Pass  Total  Time
@spawn interpolation |   10     10  0.4s
Test Summary:        | Pass  Total  Time
@async interpolation |    8      8  0.0s
Test Summary:                   | Pass  Total  Time
spawn interpolation: macrocalls |    2      2  2.7s
Test Summary: | Pass  Total  Time
Co-schedule   |    1      1  0.0s
Test Summary:                 | Pass  Total  Time
Threads.foreach(f, ::Channel) |    7      7  1.6s
Test Summary:     | Pass  Total  Time
Task-local random |    4      4  0.0s
Test Summary: | Pass  Total  Time
Racy `@spawn` |    1      1  0.1s
Test Summary:   | Pass  Total  Time
package loading |    1      1  0.1s
      @ C:\Users\Win10\AppData\Local\Programs\Julia-1.8.0-DEV\share\julia\stdlib\v1.8\Test\src\Test.jl:1375 [inlined]
   [14] macro expansion
      @ C:\Users\Win10\Documents\GitHub\JuliaInterp.jl\test\testdefs.jl:23 [inlined]
   [15] macro expansion
      @ .\timing.jl:439 [inlined]
   [16] runtests(name::String, path::String, isolate::Bool; seed::UInt128)
      @ Main C:\Users\Win10\Documents\GitHub\JuliaInterp.jl\test\testdefs.jl:21
Test Failed at C:\Users\Win10\AppData\Local\Programs\Julia-1.8.0-DEV\share/julia/test\opaque_closure.jl:216
  Expression: length(code_typed(oc, (Int,))) == 1
   Evaluated: 0 == 1

bitarray          (14) |   333.81 |  10.03 |  3.0 |   18931.53 |   912.67
syntax            (18) |    19.43 |   0.41 |  2.1 |     846.76 |   666.43
read               (6) |   188.55 |   2.26 |  1.2 |    4347.99 |   904.33
reinterpretarray  (22) |    28.41 |   0.72 |  2.5 |    1629.53 |   415.36
asyncmap           (4) |    20.20 |   0.57 |  2.8 |     866.15 |   811.74
missing           (19) |    29.51 |   0.95 |  3.2 |    1447.64 |   647.50
download           (9) |    23.98 |   0.00 |  0.0 |       2.90 |   835.07
      From worker 7:	â”Œ Error: active project callback #19 failed
      From worker 7:	â”” @ Base initdefs.jl:325
      From worker 7:	WARNING: replacing module Foo.
loading            (7) |         failed at 2021-12-29T22:28:52.408
Test Failed at C:\Users\Win10\AppData\Local\Programs\Julia-1.8.0-DEV\share/julia/test\loading.jl:47
  Expression: #= C:\Users\Win10\AppData\Local\Programs\Julia-1.8.0-DEV\share/julia/test\loading.jl:47 =# @__DIR__() == dirname(#= C:\Users\Win10\AppData\Local\Programs\Julia-1.8.0-DEV\share/julia/test\loading.jl:47 =# @__FILE__())
   Evaluated: "C:\\Users\\Win10\\AppData\\Local\\Programs\\Julia-1.8.0-DEV\\share\\julia\\test" == "C:\\Users\\Win10\\AppData\\Local\\Programs\\Julia-1.8.0-DEV\\share/julia/test"

floatfuncs        (21) |   145.26 |   6.49 |  4.5 |   55726.22 |   436.48
      From worker 3:	  0.000000 seconds
      From worker 3:	  2.019746 seconds (2.32 M allocations: 128.403 MiB, 1.13% gc time, 50.07% compilation time)
      From worker 3:	Test Summary: | Pass  Total  Time
      From worker 3:	@deprecate    |    6      6  0.6s
      From worker 3:	Test Summary: | Pass  Total  Time
      From worker 3:	firstcaller   |    1      1  0.1s
      From worker 3:	Test Summary:              | Broken  Total  Time
      From worker 3:	parser syntax deprecations |      1      1  0.0s
misc               (3) |         failed at 2021-12-29T22:29:51.528
Error During Test at C:\Users\Win10\AppData\Local\Programs\Julia-1.8.0-DEV\share/julia/test\misc.jl:134
  Test threw exception
  Expression: lock(get_finalizers_inhibited, l) == 1
  
Error During Test at C:\Users\Win10\AppData\Local\Programs\Julia-1.8.0-DEV\share/julia/test\misc.jl:134
  Test threw exception
  Expression: lock(get_finalizers_inhibited, l) == 1
  

cmdlineargs       (20) |   199.88 |   0.18 |  0.1 |     648.50 |   439.64

Executing tests that run on node 1 only:
precompile         (1) |        started at 2021-12-29T22:30:20.473
Interpreting C:\Users\Win10\AppData\Local\Programs\Julia-1.8.0-DEV\share/julia/test\precompile.jl
precompile         (1) |    30.35 |   0.33 |  1.1 |    1111.68 |   373.50
threads            (1) |        started at 2021-12-29T22:30:50.831
Interpreting C:\Users\Win10\AppData\Local\Programs\Julia-1.8.0-DEV\share/julia/test\threads.jl
threads            (1) |   102.78 |   0.03 |  0.0 |     112.76 |   373.50
stress             (1) |        started at 2021-12-29T22:32:33.617
Interpreting C:\Users\Win10\AppData\Local\Programs\Julia-1.8.0-DEV\share/julia/test\stress.jl
stress             (1) |     0.01 |   0.00 |  0.0 |       0.15 |   373.50

Test Summary:      |     Pass  Fail  Error  Broken     Total     Time
  Overall          | 29910990    62     10  352563  30263625  9m39.9s
    unicode/utf8   |       19                             19     3.5s
    keywordargs    |      151                            151     7.8s
    strings/io     |    12764                          12764    11.1s
    worlds         |       87     1                       88    11.5s
    strings/search |      876                            876    13.9s
    triplequote    |       29                             29     0.3s
    char           |     1628                           1628     4.8s
    ambiguous      |      107                    2       109    20.7s
    intrinsics     |      301                            301     6.9s
    iobuffer       |      209                            209     3.7s
    strings/util   |     1147                           1147    25.8s
    strings/basic  |    87674                          87674    33.0s
    staged         |       51    13                       64    12.1s
    tuple          |      625                            625    13.2s
    atomics        |     3444                           3444    47.4s
    dict           |   144420                         144420    50.6s
    hashing        |    12519                          12519    47.8s
    simdloop       |      240                            240     5.6s
    intfuncs       |   227878                         227878    18.0s
    vecelement     |      678                            678    19.7s
    reduce         |     8580     2                     8582    53.0s
    copy           |      533                            533    11.7s
    subtype        |   337674                   19    337693  1m52.3s
    offsetarray    |      487                    3       490  1m47.0s
    numbers        |  1578756                    2   1578758  2m08.5s
    rational       |    98639                    1     98640    50.4s
    fastmath       |      946                            946    17.3s
    ordering       |       37                             37     5.1s
    functional     |       98                             98    12.4s
    path           |     1051                   12      1063     2.6s
    operators      |    13040                          13040    13.9s
    parse          |    16098                          16098     9.4s
    reducedim      |      865                            865  1m50.2s
    gmp            |     2357                           2357    11.8s
    spawn          |      231     1              4       236    44.1s
    backtrace      |       32     4      2       1        39    14.9s
    math           |   148979                         148979  2m10.4s
    arrayops       |     2031                    2      2033  3m40.5s
    exceptions     |       70                             70     6.3s
    file           |        5            1                 6     4.8s
    version        |     2452                           2452     4.0s
    ccall          |     5352                           5352  1m53.9s
    namedtuple     |      215                            215     6.3s
    abstractarray  |    55303                24795     80098  3m32.4s
    floatapprox    |       49                             49    18.5s
    complex        |     8432                    5      8437    31.8s
    core           |  8445915     4      2       3   8445924  4m52.3s
    regex          |      130                            130     4.4s
    reflection     |      415                            415    19.0s
    mpfr           |     1135                    1      1136    43.1s
    sysinfo        |        4                              4     0.6s
    float16        |   762093                         762093    10.9s
    env            |       94                             94     8.6s
    mod2pi         |       80                             80     1.8s
    rounding       |   112720                         112720    10.0s
    euler          |       12                             12     3.3s
    combinatorics  |      170                            170    17.5s
    client         |        5                              5     3.7s
    errorshow      |      211    27                      238    19.2s
    goto           |       19                             19     7.9s
    strings/types  |  2302691                        2302691  5m50.9s
    llvmcall2      |        7                              7     0.8s
    llvmcall       |       19                             19     1.7s
    some           |       72                             72     2.0s
    ryu            |    31215                          31215     4.1s
    meta           |       69                             69     4.9s
    subarray       |   318316                         318316  5m59.6s
    stacktraces    |       41     7                       48     8.3s
    sets           |     3594                    1      3595    50.0s
    docs           |      238                            238    11.9s
    binaryplatforms |      341                            341    11.5s
    iterators      |    10164                          10164  4m07.5s
    atexit         |       40                             40    14.7s
    enums          |       99                             99    14.6s
    sorting        |    16096                   10     16106  3m50.6s
    interpreter    |        3                              3     2.8s
    bitset         |      195                            195     4.5s
    int            |   524698                         524698    13.6s
    show           |   128879                    8    128887  1m24.2s
    error          |       31                             31     2.5s
    osutils        |       57                             57     0.2s
    checked        |     1239                           1239    16.9s
    ranges         | 12110615               327682  12438297  1m38.0s
    secretbuffer   |       27                             27     1.3s
    iostream       |       50                             50     2.9s
    specificity    |      175                            175     2.4s
    boundscheck    |                                    None    16.8s
    cartesian      |      343                    3       346    15.2s
    corelogging    |      231                            231     7.6s
    broadcast      |      511                            511  2m40.5s
    smallarrayshrink |       36                             36     1.1s
    channels       |      258                            258    28.2s
    filesystem     |        4                              4     0.5s
    opaque_closure |       37     2      3       1        43     5.9s
    bitarray       |   916290                         916290  5m33.8s
    syntax         |     1533                    1      1534    19.5s
    read           |     3870                           3870  3m08.7s
    reinterpretarray |      232                            232    28.4s
    asyncmap       |      304                            304    20.2s
    missing        |      565                    1       566    29.5s
    download       |                                    None    24.0s
    loading        |   154826     1                   154827  5m43.2s
    floatfuncs     |      232                            232  2m25.3s
    misc           |  1282197            2           1282199  3m11.4s
    cmdlineargs    |      255                    3       258  3m19.9s
    precompile     |      123                            123    30.7s
    threads        |       10                    3        13  1m42.8s
    stress         |                                    None     0.0s
    [31;1mFAILURE[0m

The global RNG seed was 0xc500e86c46b31d7d2793b43c716e1f9.

Error in testset worlds:
Test Failed at C:\Users\Win10\AppData\Local\Programs\Julia-1.8.0-DEV\share/julia/test\worlds.jl:127
  Expression: wc265 + 1 == fetch(wc265_41332d)
   Evaluated: 0x0000000000007c8b == 0x0000000000007c8c
Error in testset staged:
Test Failed at C:\Users\Win10\AppData\Local\Programs\Julia-1.8.0-DEV\share/julia/test\staged.jl:37
  Expression: String(take!(stagediobuf)) == "($(intstr),)"
   Evaluated: "a" == "(Int64,)"
Error in testset staged:
Test Failed at C:\Users\Win10\AppData\Local\Programs\Julia-1.8.0-DEV\share/julia/test\staged.jl:41
  Expression: String(take!(stagediobuf)) == ""
   Evaluated: "a" == ""
Error in testset staged:
Test Failed at C:\Users\Win10\AppData\Local\Programs\Julia-1.8.0-DEV\share/julia/test\staged.jl:45
  Expression: String(take!(stagediobuf)) == "($(intstr), StepRange{$(intstr), $(intstr)})"
   Evaluated: "a" == "(Int64, StepRange{Int64, Int64})"
Error in testset staged:
Test Failed at C:\Users\Win10\AppData\Local\Programs\Julia-1.8.0-DEV\share/julia/test\staged.jl:49
  Expression: String(take!(stagediobuf)) == "($(intstr), $(intstr), $(intstr))"
   Evaluated: "a" == "(Int64, Int64, Int64)"
Error in testset staged:
Test Failed at C:\Users\Win10\AppData\Local\Programs\Julia-1.8.0-DEV\share/julia/test\staged.jl:51
  Expression: String(take!(stagediobuf)) == "(UnitRange{$(intstr)}, $(intstr), UnitRange{$(intstr)})"
   Evaluated: "a" == "(UnitRange{Int64}, Int64, UnitRange{Int64})"
Error in testset staged:
Test Failed at C:\Users\Win10\AppData\Local\Programs\Julia-1.8.0-DEV\share/julia/test\staged.jl:68
  Expression: String(take!(stagediobuf)) == "(UnitRange{$(intstr)}, UnitRange{$(intstr)}, $(intstr))"
   Evaluated: "indx" == "(UnitRange{Int64}, UnitRange{Int64}, Int64)"
Error in testset staged:
Test Failed at C:\Users\Win10\AppData\Local\Programs\Julia-1.8.0-DEV\share/julia/test\staged.jl:70
  Expression: String(take!(stagediobuf)) == "(UnitRange{$(intstr)}, $(intstr), UnitRange{$(intstr)})"
   Evaluated: "indx" == "(UnitRange{Int64}, Int64, UnitRange{Int64})"
Error in testset staged:
Test Failed at C:\Users\Win10\AppData\Local\Programs\Julia-1.8.0-DEV\share/julia/test\staged.jl:199
  Expression: gf_err2(code_typed)
    Expected: ErrorException("code reflection cannot be used from generated functions")
  No exception thrown
Error in testset staged:
Test Failed at C:\Users\Win10\AppData\Local\Programs\Julia-1.8.0-DEV\share/julia/test\staged.jl:200
  Expression: gf_err2(code_llvm)
    Expected: ErrorException("code reflection cannot be used from generated functions")
  No exception thrown
Error in testset staged:
Test Failed at C:\Users\Win10\AppData\Local\Programs\Julia-1.8.0-DEV\share/julia/test\staged.jl:201
  Expression: gf_err2(code_native)
    Expected: ErrorException("code reflection cannot be used from generated functions")
  No exception thrown
Error in testset staged:
Test Failed at C:\Users\Win10\AppData\Local\Programs\Julia-1.8.0-DEV\share/julia/test\staged.jl:202
  Expression: gf_err_ref[] == 66
   Evaluated: 3033 == 66
Error in testset staged:
Test Failed at C:\Users\Win10\AppData\Local\Programs\Julia-1.8.0-DEV\share/julia/test\staged.jl:204
  Expression: gf_err_ref[] == 1077
   Evaluated: 4044 == 1077
Error in testset staged:
Test Failed at C:\Users\Win10\AppData\Local\Programs\Julia-1.8.0-DEV\share/julia/test\staged.jl:283
  Expression: f23168(a, 3) == (6, Int)
   Evaluated: (6, 3) == (6, Int64)
Error in testset reduce:
Test Failed at C:\Users\Win10\AppData\Local\Programs\Julia-1.8.0-DEV\share/julia/test\reduce.jl:41
  Expression: 0 == #= C:\Users\Win10\AppData\Local\Programs\Julia-1.8.0-DEV\share/julia/test\reduce.jl:41 =# @allocated(sum(Iterators.reverse(x)))
   Evaluated: 0 == 9580723
Error in testset reduce:
Test Failed at C:\Users\Win10\AppData\Local\Programs\Julia-1.8.0-DEV\share/julia/test\reduce.jl:42
  Expression: 0 == #= C:\Users\Win10\AppData\Local\Programs\Julia-1.8.0-DEV\share/julia/test\reduce.jl:42 =# @allocated(foldr(-, x))
   Evaluated: 0 == 4092535
Error in testset spawn:
Test Failed at C:\Users\Win10\AppData\Local\Programs\Julia-1.8.0-DEV\share/julia/test\spawn.jl:59
  Expression: run(pipeline(yescmd, `head`, devnull))
    Expected: ProcessFailedException
      Thrown: Base.IOError
Error in testset backtrace:
Error During Test at C:\Users\Win10\AppData\Local\Programs\Julia-1.8.0-DEV\share/julia/test\backtrace.jl:93
  Test threw exception
  Expression: i1 > 0 && i2 > 0
  
Error in testset backtrace:
Error During Test at C:\Users\Win10\AppData\Local\Programs\Julia-1.8.0-DEV\share/julia/test\backtrace.jl:94
  Test threw exception
  Expression: (b1[i1]).line != (b2[i2]).line
  
Error in testset backtrace:
Test Failed at C:\Users\Win10\AppData\Local\Programs\Julia-1.8.0-DEV\share/julia/test\backtrace.jl:167
  Expression: StackTraces.is_top_level_frame(st[1])
Error in testset backtrace:
Test Failed at C:\Users\Win10\AppData\Local\Programs\Julia-1.8.0-DEV\share/julia/test\backtrace.jl:168
  Expression: string((st[1]).file) == #= C:\Users\Win10\AppData\Local\Programs\Julia-1.8.0-DEV\share/julia/test\backtrace.jl:168 =# @__FILE__()
   Evaluated: ".\\essentials.jl" == "C:\\Users\\Win10\\AppData\\Local\\Programs\\Julia-1.8.0-DEV\\share/julia/test\\backtrace.jl"
Error in testset backtrace:
Test Failed at C:\Users\Win10\AppData\Local\Programs\Julia-1.8.0-DEV\share/julia/test\backtrace.jl:182
  Expression: found
Error in testset backtrace:
Test Failed at C:\Users\Win10\AppData\Local\Programs\Julia-1.8.0-DEV\share/julia/test\backtrace.jl:194
  Expression: found
Error in testset file:
Error During Test at C:\Users\Win10\Documents\GitHub\JuliaInterp.jl\test\testdefs.jl:21
  Got exception outside of a @test
  IOError: On Windows, creating symlinks requires Administrator privileges.
  symlink("..\\adir2", "C:\\Users\\Win10\\AppData\\Local\\Temp\\jl_th3dTI\\adir\\rel_subdirlink"): operation not permitted (EPERM)
  Stacktrace:
    [1] uv_error
      @ .\libuv.jl:97 [inlined]
    [2] symlink(target::String, link::String; dir_target::Bool)
      @ Base.Filesystem .\file.jl:1105
    [3] symlink(target::String, link::String)
      @ Base.Filesystem .\file.jl:1069
    [4] invokelatest(::Any, ::Any, ::Vararg{Any}; kwargs::Base.Pairs{Symbol, Union{}, Tuple{}, NamedTuple{(), Tuple{}}})
      @ Base .\essentials.jl:731
    [5] invokelatest(::Any, ::Any, ::Vararg{Any})
      @ Base .\essentials.jl:729
    [6] lookup_lower(codestate::JuliaInterp.CodeState, #unused#::Val{:call}, args::Vector{Any})
      @ JuliaInterp C:\Users\Win10\Documents\GitHub\JuliaInterp.jl\src\lower.jl:84
    [7] lookup_lower(codestate::JuliaInterp.CodeState, expr::Expr)
      @ JuliaInterp C:\Users\Win10\Documents\GitHub\JuliaInterp.jl\src\lower.jl:168
    [8] interpret_lower(codestate::JuliaInterp.CodeState, #unused#::Val{:call}, args::Vector{Any})
      @ JuliaInterp C:\Users\Win10\Documents\GitHub\JuliaInterp.jl\src\lower.jl:211
    [9] interpret_lower(codestate::JuliaInterp.CodeState, expr::Expr)
      @ JuliaInterp C:\Users\Win10\Documents\GitHub\JuliaInterp.jl\src\lower.jl:364
   [10] run_code_state(codestate::JuliaInterp.CodeState)
      @ JuliaInterp C:\Users\Win10\Documents\GitHub\JuliaInterp.jl\src\types.jl:197
   [11] interpret_lower(interpstate::JuliaInterp.InterpState, parent::Nothing, src::Core.CodeInfo)
      @ JuliaInterp C:\Users\Win10\Documents\GitHub\JuliaInterp.jl\src\lower.jl:382
   [12] eval_lower_ast(interpstate::JuliaInterp.InterpState, expr::Expr)
      @ JuliaInterp C:\Users\Win10\Documents\GitHub\JuliaInterp.jl\src\ast.jl:19
   [13] interpret_ast(interpstate::JuliaInterp.InterpState, #unused#::Val{:if}, args::Vector{Any})
      @ JuliaInterp C:\Users\Win10\Documents\GitHub\JuliaInterp.jl\src\ast.jl:116
   [14] interpret_ast(interpstate::JuliaInterp.InterpState, expr::Expr)
      @ JuliaInterp C:\Users\Win10\Documents\GitHub\JuliaInterp.jl\src\ast.jl:199
   [15] interpret_ast(interpstate::JuliaInterp.InterpState, #unused#::Val{:toplevel}, args::Vector{Any})
      @ JuliaInterp C:\Users\Win10\Documents\GitHub\JuliaInterp.jl\src\ast.jl:185
   [16] interpret_ast(interpstate::JuliaInterp.InterpState, expr::Expr)
      @ JuliaInterp C:\Users\Win10\Documents\GitHub\JuliaInterp.jl\src\ast.jl:199
   [17] interpret_ast
      @ C:\Users\Win10\Documents\GitHub\JuliaInterp.jl\src\ast.jl:204 [inlined]
   [18] include(mod::Module, path::String, debug::Bool, budget::UInt64)
      @ JuliaInterp C:\Users\Win10\Documents\GitHub\JuliaInterp.jl\src\JuliaInterp.jl:16
   [19] include(mod::Module, path::String)
      @ JuliaInterp C:\Users\Win10\Documents\GitHub\JuliaInterp.jl\src\JuliaInterp.jl:10
   [20] macro expansion
      @ C:\Users\Win10\Documents\GitHub\JuliaInterp.jl\test\testdefs.jl:26 [inlined]
   [21] macro expansion
      @ C:\Users\Win10\AppData\Local\Programs\Julia-1.8.0-DEV\share\julia\stdlib\v1.8\Test\src\Test.jl:1375 [inlined]
   [22] macro expansion
      @ C:\Users\Win10\Documents\GitHub\JuliaInterp.jl\test\testdefs.jl:23 [inlined]
   [23] macro expansion
      @ .\timing.jl:439 [inlined]
   [24] runtests(name::String, path::String, isolate::Bool; seed::UInt128)
      @ Main C:\Users\Win10\Documents\GitHub\JuliaInterp.jl\test\testdefs.jl:21
   [25] invokelatest(::Any, ::Any, ::Vararg{Any}; kwargs::Base.Pairs{Symbol, UInt128, Tuple{Symbol}, NamedTuple{(:seed,), Tuple{UInt128}}})
      @ Base .\essentials.jl:733
   [26] (::Distributed.var"#106#108"{Distributed.CallMsg{:call_fetch}})()
      @ Distributed C:\Users\Win10\AppData\Local\Programs\Julia-1.8.0-DEV\share\julia\stdlib\v1.8\Distributed\src\process_messages.jl:278
   [27] run_work_thunk(thunk::Distributed.var"#106#108"{Distributed.CallMsg{:call_fetch}}, print_error::Bool)
      @ Distributed C:\Users\Win10\AppData\Local\Programs\Julia-1.8.0-DEV\share\julia\stdlib\v1.8\Distributed\src\process_messages.jl:63
   [28] macro expansion
      @ C:\Users\Win10\AppData\Local\Programs\Julia-1.8.0-DEV\share\julia\stdlib\v1.8\Distributed\src\process_messages.jl:278 [inlined]
   [29] (::Distributed.var"#105#107"{Distributed.CallMsg{:call_fetch}, Distributed.MsgHeader, Sockets.TCPSocket})()
      @ Distributed .\task.jl:466
Error in testset core:
Test Failed at C:\Users\Win10\AppData\Local\Programs\Julia-1.8.0-DEV\share/julia/test\core.jl:986
  Expression: caught == 42
   Evaluated: (exception = 42, backtrace = Union{Ptr{Nothing}, Base.InterpreterIP}[Ptr{Nothing} @0x00000000654292db, Ptr{Nothing} @0x0000000065429328, Ptr{Nothing} @0x000000006542acad, Ptr{Nothing} @0x000000000e8ea0fd, Ptr{Nothing} @0x000000006542acad, Ptr{Nothing} @0x000000000e8ea023, Ptr{Nothing} @0x000000006542acad, Ptr{Nothing} @0x0000000047e30ee4, Ptr{Nothing} @0x0000000047e2fe66, Ptr{Nothing} @0x0000000047e2fff6  â€¦  Ptr{Nothing} @0x000000006542acad, Ptr{Nothing} @0x0000000047e1dcc0, Ptr{Nothing} @0x000000006542acad, Ptr{Nothing} @0x0000000047e1db43, Ptr{Nothing} @0x000000006542acad, Ptr{Nothing} @0x0000000047e13d89, Ptr{Nothing} @0x0000000047e13fbb, Ptr{Nothing} @0x0000000047e14115, Ptr{Nothing} @0x0000000047e14373, Ptr{Nothing} @0x000000006543d091]) == 42
Error in testset core:
Error During Test at C:\Users\Win10\AppData\Local\Programs\Julia-1.8.0-DEV\share/julia/test\core.jl:2484
  Test threw exception
  Expression: x(3) == 26
  
Error in testset core:
Error During Test at C:\Users\Win10\AppData\Local\Programs\Julia-1.8.0-DEV\share/julia/test\core.jl:2517
  Test threw exception
  Expression: c((eval(n))()) === nothing
  
Error in testset core:
Test Failed at C:\Users\Win10\AppData\Local\Programs\Julia-1.8.0-DEV\share/julia/test\core.jl:3431
  Expression: a25724 == [[0], [0], [0]]
   Evaluated: Any[[0], [1], [2]] == [[0], [0], [0]]
Error in testset core:
Test Failed at C:\Users\Win10\AppData\Local\Programs\Julia-1.8.0-DEV\share/julia/test\core.jl:5779
  Expression: a == [false, false]
   Evaluated: Any[false, true] == Bool[0, 0]
Error in testset core:
Test Failed at C:\Users\Win10\AppData\Local\Programs\Julia-1.8.0-DEV\share/julia/test\core.jl:5789
  Expression: a == [false, false]
   Evaluated: Any[false, true] == Bool[0, 0]
Error in testset errorshow:
Test Failed at C:\Users\Win10\AppData\Local\Programs\Julia-1.8.0-DEV\share/julia/test\errorshow.jl:201
  Expression: typeof(err) === $(Expr(:escape, :UndefVarError))
   Evaluated: AssertionError === UndefVarError
Error in testset errorshow:
Test Failed at C:\Users\Win10\AppData\Local\Programs\Julia-1.8.0-DEV\share/julia/test\errorshow.jl:340
  Expression: err_str == "UndefVarError: undefvar not defined"
   Evaluated: "AssertionError: isassigned(codestate.slots, slotnumber.id)" == "UndefVarError: undefvar not defined"
Error in testset errorshow:
Test Failed at C:\Users\Win10\AppData\Local\Programs\Julia-1.8.0-DEV\share/julia/test\errorshow.jl:201
  Expression: typeof(err) === $(Expr(:escape, :MethodError))
   Evaluated: AssertionError === MethodError
Error in testset errorshow:
Test Failed at C:\Users\Win10\AppData\Local\Programs\Julia-1.8.0-DEV\share/julia/test\errorshow.jl:373
  Expression: occursin("MethodError: objects of type Symbol are not callable", err_str)
   Evaluated: occursin("MethodError: objects of type Symbol are not callable", "AssertionError: fun isa Base.Callable")
Error in testset errorshow:
Test Failed at C:\Users\Win10\AppData\Local\Programs\Julia-1.8.0-DEV\share/julia/test\errorshow.jl:201
  Expression: typeof(err) === $(Expr(:escape, :MethodError))
   Evaluated: AssertionError === MethodError
Error in testset errorshow:
Test Failed at C:\Users\Win10\AppData\Local\Programs\Julia-1.8.0-DEV\share/julia/test\errorshow.jl:377
  Expression: occursin("MethodError: objects of type $(curmod_prefix)EightBitType are not callable", err_str)
   Evaluated: occursin("MethodError: objects of type Main.Test100Main_errorshow.EightBitType are not callable", "AssertionError: fun isa Base.Callable")
Error in testset errorshow:
Test Failed at C:\Users\Win10\AppData\Local\Programs\Julia-1.8.0-DEV\share/julia/test\errorshow.jl:201
  Expression: typeof(err) === $(Expr(:escape, :MethodError))
   Evaluated: AssertionError === MethodError
Error in testset errorshow:
Test Failed at C:\Users\Win10\AppData\Local\Programs\Julia-1.8.0-DEV\share/julia/test\errorshow.jl:383
  Expression: occursin("MethodError: objects of type $(curmod_prefix)EightBitTypeT{Int32} are not callable", err_str)
   Evaluated: occursin("MethodError: objects of type Main.Test100Main_errorshow.EightBitTypeT{Int32} are not callable", "AssertionError: fun isa Base.Callable")
Error in testset errorshow:
Test Failed at C:\Users\Win10\AppData\Local\Programs\Julia-1.8.0-DEV\share/julia/test\errorshow.jl:201
  Expression: typeof(err) === $(Expr(:escape, :MethodError))
   Evaluated: AssertionError === MethodError
Error in testset errorshow:
Test Failed at C:\Users\Win10\AppData\Local\Programs\Julia-1.8.0-DEV\share/julia/test\errorshow.jl:387
  Expression: occursin("MethodError: objects of type Vector{$(Int)} are not callable\nUse square brackets [] for indexing an Array.", err_str)
   Evaluated: occursin("MethodError: objects of type Vector{Int64} are not callable\nUse square brackets [] for indexing an Array.", "AssertionError: fun isa Base.Callable")
Error in testset errorshow:
Test Failed at C:\Users\Win10\AppData\Local\Programs\Julia-1.8.0-DEV\share/julia/test\errorshow.jl:201
  Expression: typeof(err) === $(Expr(:escape, :MethodError))
   Evaluated: AssertionError === MethodError
Error in testset errorshow:
Test Failed at C:\Users\Win10\AppData\Local\Programs\Julia-1.8.0-DEV\share/julia/test\errorshow.jl:390
  Expression: occursin("MethodError: objects of type Vector{Float64} are not callable", err_str)
   Evaluated: occursin("MethodError: objects of type Vector{Float64} are not callable", "AssertionError: fun isa Base.Callable")
Error in testset errorshow:
Test Failed at C:\Users\Win10\AppData\Local\Programs\Julia-1.8.0-DEV\share/julia/test\errorshow.jl:236
  Expression: typeof(err) === $(Expr(:escape, :ErrorException))
   Evaluated: AssertionError === ErrorException
Error in testset errorshow:
Test Failed at C:\Users\Win10\AppData\Local\Programs\Julia-1.8.0-DEV\share/julia/test\errorshow.jl:454
  Expression: err_str == "(::String)() at $(sn):$(method_defs_lineno + 1)"
   Evaluated: "lookup_lower(codestate::JuliaInterp.CodeState, #unused#::Val{:call}, args::Vector{Any}) at lower.jl:51" == "(::String)() at errorshow.jl:408"
Error in testset errorshow:
Test Failed at C:\Users\Win10\AppData\Local\Programs\Julia-1.8.0-DEV\share/julia/test\errorshow.jl:456
  Expression: err_str == "$(curmod_prefix)EightBitType() at $(sn):$(method_defs_lineno + 2)"
   Evaluated: "invokelatest(::Any, ::Any, ::Vararg{Any}; kwargs::Base.Pairs{Symbol, Union{}, Tuple{}, NamedTuple{(), Tuple{}}}) at essentials.jl:731" == "Main.Test100Main_errorshow.EightBitType() at errorshow.jl:409"
Error in testset errorshow:
Test Failed at C:\Users\Win10\AppData\Local\Programs\Julia-1.8.0-DEV\share/julia/test\errorshow.jl:236
  Expression: typeof(err) === $(Expr(:escape, :ErrorException))
   Evaluated: AssertionError === ErrorException
Error in testset errorshow:
Test Failed at C:\Users\Win10\AppData\Local\Programs\Julia-1.8.0-DEV\share/julia/test\errorshow.jl:458
  Expression: err_str == "(::$(curmod_prefix)EightBitType)() at $(sn):$(method_defs_lineno + 3)"
   Evaluated: "lookup_lower(codestate::JuliaInterp.CodeState, #unused#::Val{:call}, args::Vector{Any}) at lower.jl:51" == "(::Main.Test100Main_errorshow.EightBitType)() at errorshow.jl:410"
Error in testset errorshow:
Test Failed at C:\Users\Win10\AppData\Local\Programs\Julia-1.8.0-DEV\share/julia/test\errorshow.jl:460
  Expression: err_str == "$(curmod_prefix)EightBitTypeT() at $(sn):$(method_defs_lineno + 4)"
   Evaluated: "invokelatest(::Any, ::Any, ::Vararg{Any}; kwargs::Base.Pairs{Symbol, Union{}, Tuple{}, NamedTuple{(), Tuple{}}}) at essentials.jl:731" == "Main.Test100Main_errorshow.EightBitTypeT() at errorshow.jl:411"
Error in testset errorshow:
Test Failed at C:\Users\Win10\AppData\Local\Programs\Julia-1.8.0-DEV\share/julia/test\errorshow.jl:462
  Expression: err_str == "$(curmod_prefix)EightBitTypeT{Int32}() at $(sn):$(method_defs_lineno + 5)"
   Evaluated: "invokelatest(::Any, ::Any, ::Vararg{Any}; kwargs::Base.Pairs{Symbol, Union{}, Tuple{}, NamedTuple{(), Tuple{}}}) at essentials.jl:731" == "Main.Test100Main_errorshow.EightBitTypeT{Int32}() at errorshow.jl:412"
Error in testset errorshow:
Test Failed at C:\Users\Win10\AppData\Local\Programs\Julia-1.8.0-DEV\share/julia/test\errorshow.jl:236
  Expression: typeof(err) === $(Expr(:escape, :ErrorException))
   Evaluated: AssertionError === ErrorException
Error in testset errorshow:
Test Failed at C:\Users\Win10\AppData\Local\Programs\Julia-1.8.0-DEV\share/julia/test\errorshow.jl:464
  Expression: err_str == "(::$(curmod_prefix)EightBitTypeT{Int32})() at $(sn):$(method_defs_lineno + 6)"
   Evaluated: "lookup_lower(codestate::JuliaInterp.CodeState, #unused#::Val{:call}, args::Vector{Any}) at lower.jl:51" == "(::Main.Test100Main_errorshow.EightBitTypeT{Int32})() at errorshow.jl:413"
Error in testset errorshow:
Test Failed at C:\Users\Win10\AppData\Local\Programs\Julia-1.8.0-DEV\share/julia/test\errorshow.jl:466
  Expression: err_str == "(::$(curmod_prefix)FunctionLike)() at $(sn):$(method_defs_lineno + 7)"
   Evaluated: "invokelatest(::Any, ::Any, ::Vararg{Any}; kwargs::Base.Pairs{Symbol, Union{}, Tuple{}, NamedTuple{(), Tuple{}}}) at essentials.jl:731" == "(::Main.Test100Main_errorshow.FunctionLike)() at errorshow.jl:414"
Error in testset errorshow:
Test Failed at C:\Users\Win10\AppData\Local\Programs\Julia-1.8.0-DEV\share/julia/test\errorshow.jl:201
  Expression: typeof(err) === $(Expr(:escape, :MethodError))
   Evaluated: AssertionError === MethodError
Error in testset errorshow:
Test Failed at C:\Users\Win10\AppData\Local\Programs\Julia-1.8.0-DEV\share/julia/test\errorshow.jl:646
  Expression: occursin("objects of type $(curmod_prefix)ANumber are not callable", err_str)
   Evaluated: occursin("objects of type Main.Test100Main_errorshow.ANumber are not callable", "AssertionError: fun isa Base.Callable")
Error in testset errorshow:
Test Failed at C:\Users\Win10\AppData\Local\Programs\Julia-1.8.0-DEV\share/julia/test\errorshow.jl:647
  Expression: count((==)("Maybe you forgot to use an operator such as *, ^, %, / etc. ?"), split(err_str, '\n')) == 1
   Evaluated: 0 == 1
Error in testset errorshow:
Test Failed at C:\Users\Win10\AppData\Local\Programs\Julia-1.8.0-DEV\share/julia/test\errorshow.jl:201
  Expression: typeof(err) === $(Expr(:escape, :MethodError))
   Evaluated: AssertionError === MethodError
Error in testset errorshow:
Test Failed at C:\Users\Win10\AppData\Local\Programs\Julia-1.8.0-DEV\share/julia/test\errorshow.jl:650
  Expression: count((==)("Maybe you forgot to use an operator such as *, ^, %, / etc. ?"), split(err_str, '\n')) == 1
   Evaluated: 0 == 1
Error in testset stacktraces:
Test Failed at C:\Users\Win10\AppData\Local\Programs\Julia-1.8.0-DEV\share/julia/test\stacktraces.jl:17
  Expression: [:child, :parent, :grandparent] == [f.func for f = stack[1:3]]
   Evaluated: [:child, :parent, :grandparent] == [:child, :parent, Symbol("#invokelatest#2")]
Error in testset stacktraces:
Test Failed at C:\Users\Win10\AppData\Local\Programs\Julia-1.8.0-DEV\share/julia/test\stacktraces.jl:19
â”Œ Error: A "spawn and wait lots of tasks" test failed
â”‚   n = 200000
â”‚   proc.exitcode = 3221225477
â”‚   proc.termsignal = 0
â”‚   success(proc) = false
â”‚   timeout = false
â”” @ Main.Test64Main_threads C:\Users\Win10\AppData\Local\Programs\Julia-1.8.0-DEV\share/julia/test\threads.jl:206
â”Œ Error: A "spawn and wait lots of tasks" test failed
â”‚   n = 2000000
â”‚   proc.exitcode = 3221225477
â”‚   proc.termsignal = 0
â”‚   success(proc) = false
â”‚   timeout = false
â”” @ Main.Test64Main_threads C:\Users\Win10\AppData\Local\Programs\Julia-1.8.0-DEV\share/julia/test\threads.jl:206
ERROR: LoadError: Test run finished with errors
in expression starting at C:\Users\Win10\Documents\GitHub\JuliaInterp.jl\test\runtests.jl:100
  Expression: [Symbol(#= C:\Users\Win10\AppData\Local\Programs\Julia-1.8.0-DEV\share/julia/test\stacktraces.jl:19 =# @__FILE__()), line] == [frame.file, frame.line]
   Evaluated: Any[Symbol("C:\\Users\\Win10\\AppData\\Local\\Programs\\Julia-1.8.0-DEV\\share/julia/test\\stacktraces.jl"), 10] == Any[Symbol(".\\essentials.jl"), 731]
Error in testset stacktraces:
Test Failed at C:\Users\Win10\AppData\Local\Programs\Julia-1.8.0-DEV\share/julia/test\stacktraces.jl:25
  Expression: stack[1] == StackFrame(:grandparent, #= C:\Users\Win10\AppData\Local\Programs\Julia-1.8.0-DEV\share/julia/test\stacktraces.jl:25 =# @__FILE__(), line_numbers[3])
   Evaluated: #invokelatest#2 at essentials.jl:731 [inlined] == grandparent at stacktraces.jl:10
Error in testset stacktraces:
Test Failed at C:\Users\Win10\AppData\Local\Programs\Julia-1.8.0-DEV\share/julia/test\stacktraces.jl:28
  Expression: stack[1:2] == [StackFrame(:parent, #= C:\Users\Win10\AppData\Local\Programs\Julia-1.8.0-DEV\share/julia/test\stacktraces.jl:29 =# @__FILE__(), line_numbers[2]), StackFrame(:grandparent, #= C:\Users\Win10\AppData\Local\Programs\Julia-1.8.0-DEV\share/julia/test\stacktraces.jl:30 =# @__FILE__(), line_numbers[3])]
   Evaluated: Base.StackTraces.StackFrame[(::Main.Test86Main_stacktraces.var"#parent#4"{Main.Test86Main_stacktraces.var"#child#3"})() at stacktraces.jl:9, #invokelatest#2 at essentials.jl:731 [inlined]] == Base.StackTraces.StackFrame[parent at stacktraces.jl:9, grandparent at stacktraces.jl:10]
Error in testset stacktraces:
Test Failed at C:\Users\Win10\AppData\Local\Programs\Julia-1.8.0-DEV\share/julia/test\stacktraces.jl:45
  Expression: default == without_c
   Evaluated: Base.StackTraces.StackFrame[#invokelatest#2 at essentials.jl:731 [inlined], invokelatest(::Any) at essentials.jl:729, lookup_lower(codestate::JuliaInterp.CodeState, #unused#::Val{:call}, args::Vector{Any}) at lower.jl:84, lookup_lower(codestate::JuliaInterp.CodeState, expr::Expr) at lower.jl:168, interpret_lower(codestate::JuliaInterp.CodeState, #unused#::Val{:call}, args::Vector{Any}) at lower.jl:211, interpret_lower(codestate::JuliaInterp.CodeState, expr::Expr) at lower.jl:364, run_code_state(codestate::JuliaInterp.CodeState) at types.jl:197, interpret_lower(interpstate::JuliaInterp.InterpState, parent::Nothing, src::Core.CodeInfo) at lower.jl:382, eval_lower_ast(interpstate::JuliaInterp.InterpState, expr::Expr) at ast.jl:19, interpret_ast(interpstate::JuliaInterp.InterpState, #unused#::Val{:let}, args::Vector{Any}) at ast.jl:93  â€¦  macro expansion at timing.jl:439 [inlined], runtests(name::String, path::String, isolate::Bool; seed::UInt128) at testdefs.jl:21, runtests at testdefs.jl:6 [inlined], (::var"#runtests##kw")(::NamedTuple{(:seed,), Tuple{UInt128}}, ::typeof(runtests), name::String, path::String) at testdefs.jl:6, invokelatest(::Any, ::Any, ::Vararg{Any}; kwargs::Base.Pairs{Symbol, UInt128, Tuple{Symbol}, NamedTuple{(:seed,), Tuple{UInt128}}}) at essentials.jl:733, (::Base.var"#invokelatest##kw")(::NamedTuple{(:seed,), Tuple{UInt128}}, ::typeof(Base.invokelatest), ::Any, ::Any, ::Vararg{Any}) at essentials.jl:729, (::Distributed.var"#106#108"{Distributed.CallMsg{:call_fetch}})() at process_messages.jl:278, run_work_thunk(thunk::Distributed.var"#106#108"{Distributed.CallMsg{:call_fetch}}, print_error::Bool) at process_messages.jl:63, macro expansion at process_messages.jl:278 [inlined], (::Distributed.var"#105#107"{Distributed.CallMsg{:call_fetch}, Distributed.MsgHeader, Sockets.TCPSocket})() at task.jl:466] == Base.StackTraces.StackFrame[invokelatest(::Any, ::Any, ::Vararg{Any}; kwargs::Base.Pairs{Symbol, Union{}, Tuple{}, NamedTuple{(), Tuple{}}}) at essentials.jl:731, invokelatest(::Any, ::Any, ::Vararg{Any}) at essentials.jl:729, lookup_lower(codestate::JuliaInterp.CodeState, #unused#::Val{:call}, args::Vector{Any}) at lower.jl:84, lookup_lower(codestate::JuliaInterp.CodeState, expr::Expr) at lower.jl:168, interpret_lower(codestate::JuliaInterp.CodeState, #unused#::Val{:call}, args::Vector{Any}) at lower.jl:211, interpret_lower(codestate::JuliaInterp.CodeState, expr::Expr) at lower.jl:364, run_code_state(codestate::JuliaInterp.CodeState) at types.jl:197, interpret_lower(interpstate::JuliaInterp.InterpState, parent::Nothing, src::Core.CodeInfo) at lower.jl:382, eval_lower_ast(interpstate::JuliaInterp.InterpState, expr::Expr) at ast.jl:19, interpret_ast(interpstate::JuliaInterp.InterpState, #unused#::Val{:let}, args::Vector{Any}) at ast.jl:93  â€¦  macro expansion at timing.jl:439 [inlined], runtests(name::String, path::String, isolate::Bool; seed::UInt128) at testdefs.jl:21, runtests at testdefs.jl:6 [inlined], (::var"#runtests##kw")(::NamedTuple{(:seed,), Tuple{UInt128}}, ::typeof(runtests), name::String, path::String) at testdefs.jl:6, invokelatest(::Any, ::Any, ::Vararg{Any}; kwargs::Base.Pairs{Symbol, UInt128, Tuple{Symbol}, NamedTuple{(:seed,), Tuple{UInt128}}}) at essentials.jl:733, (::Base.var"#invokelatest##kw")(::NamedTuple{(:seed,), Tuple{UInt128}}, ::typeof(Base.invokelatest), ::Any, ::Any, ::Vararg{Any}) at essentials.jl:729, (::Distributed.var"#106#108"{Distributed.CallMsg{:call_fetch}})() at process_messages.jl:278, run_work_thunk(thunk::Distributed.var"#106#108"{Distributed.CallMsg{:call_fetch}}, print_error::Bool) at process_messages.jl:63, macro expansion at process_messages.jl:278 [inlined], (::Distributed.var"#105#107"{Distributed.CallMsg{:call_fetch}, Distributed.MsgHeader, Sockets.TCPSocket})() at task.jl:466]
Error in testset stacktraces:
Test Failed at C:\Users\Win10\AppData\Local\Programs\Julia-1.8.0-DEV\share/julia/test\stacktraces.jl:144
  Expression: occursin("unfiltered_stacktrace", string(trace))
   Evaluated: occursin("unfiltered_stacktrace", "Base.StackTraces.StackFrame[#invokelatest#2 at essentials.jl:731 [inlined], invokelatest(::Any) at essentials.jl:729, lookup_lower(codestate::JuliaInterp.CodeState, #unused#::Val{:call}, args::Vector{Any}) at lower.jl:84, lookup_lower(codestate::JuliaInterp.CodeState, expr::Expr) at lower.jl:168, interpret_lower(codestate::JuliaInterp.CodeState, #unused#::Val{:call}, args::Vector{Any}) at lower.jl:211, interpret_lower(codestate::JuliaInterp.CodeState, expr::Expr) at lower.jl:364, run_code_state(codestate::JuliaInterp.CodeState) at types.jl:197, lookup_lower(codestate::JuliaInterp.CodeState, #unused#::Val{:call}, args::Vector{Any}) at lower.jl:65, lookup_lower(codestate::JuliaInterp.CodeState, expr::Expr) at lower.jl:168, interpret_lower(codestate::JuliaInterp.CodeState, #unused#::Val{:call}, args::Vector{Any}) at lower.jl:211, interpret_lower(codestate::JuliaInterp.CodeState, expr::Expr) at lower.jl:364, run_code_state(codestate::JuliaInterp.CodeState) at types.jl:197, interpret_lower(interpstate::JuliaInterp.InterpState, parent::Nothing, src::Core.CodeInfo) at lower.jl:382, eval_lower_ast(interpstate::JuliaInterp.InterpState, expr::Expr) at ast.jl:19, interpret_ast(interpstate::JuliaInterp.InterpState, #unused#::Val{:(=)}, args::Vector{Any}) at ast.jl:73, interpret_ast(interpstate::JuliaInterp.InterpState, expr::Expr) at ast.jl:199, interpret_ast(interpstate::JuliaInterp.InterpState, #unused#::Val{:toplevel}, args::Vector{Any}) at ast.jl:185, interpret_ast(interpstate::JuliaInterp.InterpState, expr::Expr) at ast.jl:199, interpret_ast at ast.jl:204 [inlined], include(mod::Module, path::String, debug::Bool, budget::UInt64) at JuliaInterp.jl:16, include(mod::Module, path::String) at JuliaInterp.jl:10, macro expansion at testdefs.jl:26 [inlined], macro expansion at Test.jl:1375 [inlined], macro expansion at testdefs.jl:23 [inlined], macro expansion at timing.jl:439 [inlined], runtests(name::String, path::String, isolate::Bool; seed::UInt128) at testdefs.jl:21, runtests at testdefs.jl:6 [inlined], (::var\"#runtests##kw\")(::NamedTuple{(:seed,), Tuple{UInt128}}, ::typeof(runtests), name::String, path::String) at testdefs.jl:6, invokelatest(::Any, ::Any, ::Vararg{Any}; kwargs::Base.Pairs{Symbol, UInt128, Tuple{Symbol}, NamedTuple{(:seed,), Tuple{UInt128}}}) at essentials.jl:733, (::Base.var\"#invokelatest##kw\")(::NamedTuple{(:seed,), Tuple{UInt128}}, ::typeof(Base.invokelatest), ::Any, ::Any, ::Vararg{Any}) at essentials.jl:729, (::Distributed.var\"#106#108\"{Distributed.CallMsg{:call_fetch}})() at process_messages.jl:278, run_work_thunk(thunk::Distributed.var\"#106#108\"{Distributed.CallMsg{:call_fetch}}, print_error::Bool) at process_messages.jl:63, macro expansion at process_messages.jl:278 [inlined], (::Distributed.var\"#105#107\"{Distributed.CallMsg{:call_fetch}, Distributed.MsgHeader, Sockets.TCPSocket})() at task.jl:466]")
Error in testset stacktraces:
Test Failed at C:\Users\Win10\AppData\Local\Programs\Julia-1.8.0-DEV\share/julia/test\stacktraces.jl:158
  Expression: (bt[1]).line == topline + 4
   Evaluated: 136 == 153
Error in testset opaque_closure:
Test Failed at C:\Users\Win10\AppData\Local\Programs\Julia-1.8.0-DEV\share/julia/test\opaque_closure.jl:121
  Expression: f(1, 1)
    Expected: TypeError
      Thrown: AssertionError
Error in testset opaque_closure:
Error During Test at C:\Users\Win10\AppData\Local\Programs\Julia-1.8.0-DEV\share/julia/test\opaque_closure.jl:122
  Test threw exception
  Expression: f(2, 3.0) === (4, 9.0)
  
Error in testset opaque_closure:
Error During Test at C:\Users\Win10\AppData\Local\Programs\Julia-1.8.0-DEV\share/julia/test\opaque_closure.jl:140
  Test threw exception
  Expression: g_world_age() == 1
  MethodError: objects of type Nothing are not callable
  Stacktrace:
    [1] top-level scope
      @ C:\Users\Win10\AppData\Local\Programs\Julia-1.8.0-DEV\share\julia\stdlib\v1.8\Test\src\Test.jl:479
    [2] eval
      @ .\boot.jl:368 [inlined]
    [3] eval_ast(interpstate::JuliaInterp.InterpState, expr::Expr)
      @ JuliaInterp C:\Users\Win10\Documents\GitHub\JuliaInterp.jl\src\ast.jl:5
    [4] interpret_ast(interpstate::JuliaInterp.InterpState, #unused#::Val{:macrocall}, args::Vector{Any})
      @ JuliaInterp C:\Users\Win10\Documents\GitHub\JuliaInterp.jl\src\ast.jl:63
    [5] interpret_ast(interpstate::JuliaInterp.InterpState, expr::Expr)
      @ JuliaInterp C:\Users\Win10\Documents\GitHub\JuliaInterp.jl\src\ast.jl:199
    [6] interpret_ast(interpstate::JuliaInterp.InterpState, #unused#::Val{:toplevel}, args::Vector{Any})
      @ JuliaInterp C:\Users\Win10\Documents\GitHub\JuliaInterp.jl\src\ast.jl:185
    [7] interpret_ast(interpstate::JuliaInterp.InterpState, expr::Expr)
      @ JuliaInterp C:\Users\Win10\Documents\GitHub\JuliaInterp.jl\src\ast.jl:199
    [8] interpret_ast
      @ C:\Users\Win10\Documents\GitHub\JuliaInterp.jl\src\ast.jl:204 [inlined]
    [9] include(mod::Module, path::String, debug::Bool, budget::UInt64)
      @ JuliaInterp C:\Users\Win10\Documents\GitHub\JuliaInterp.jl\src\JuliaInterp.jl:16
   [10] include(mod::Module, path::String)
      @ JuliaInterp C:\Users\Win10\Documents\GitHub\JuliaInterp.jl\src\JuliaInterp.jl:10
   [11] macro expansion
      @ C:\Users\Win10\Documents\GitHub\JuliaInterp.jl\test\testdefs.jl:26 [inlined]
   [12] macro expansion
      @ C:\Users\Win10\AppData\Local\Programs\Julia-1.8.0-DEV\share\julia\stdlib\v1.8\Test\src\Test.jl:1375 [inlined]
   [13] macro expansion
      @ C:\Users\Win10\Documents\GitHub\JuliaInterp.jl\test\testdefs.jl:23 [inlined]
   [14] macro expansion
      @ .\timing.jl:439 [inlined]
   [15] runtests(name::String, path::String, isolate::Bool; seed::UInt128)
      @ Main C:\Users\Win10\Documents\GitHub\JuliaInterp.jl\test\testdefs.jl:21
Error in testset opaque_closure:
Error During Test at C:\Users\Win10\AppData\Local\Programs\Julia-1.8.0-DEV\share/julia/test\opaque_closure.jl:213
  Test threw exception
  Expression: call_global_opaque_closure() == 123
  MethodError: objects of type Nothing are not callable
  Stacktrace:
    [1] call_global_opaque_closure()
      @ Main.Test15Main_opaque_closure C:\Users\Win10\AppData\Local\Programs\Julia-1.8.0-DEV\share\julia\test\opaque_closure.jl:212
    [2] top-level scope
      @ C:\Users\Win10\AppData\Local\Programs\Julia-1.8.0-DEV\share\julia\stdlib\v1.8\Test\src\Test.jl:479
    [3] eval
      @ .\boot.jl:368 [inlined]
    [4] eval_ast(interpstate::JuliaInterp.InterpState, expr::Expr)
      @ JuliaInterp C:\Users\Win10\Documents\GitHub\JuliaInterp.jl\src\ast.jl:5
    [5] interpret_ast(interpstate::JuliaInterp.InterpState, #unused#::Val{:macrocall}, args::Vector{Any})
      @ JuliaInterp C:\Users\Win10\Documents\GitHub\JuliaInterp.jl\src\ast.jl:63
    [6] interpret_ast(interpstate::JuliaInterp.InterpState, expr::Expr)
      @ JuliaInterp C:\Users\Win10\Documents\GitHub\JuliaInterp.jl\src\ast.jl:199
    [7] interpret_ast(interpstate::JuliaInterp.InterpState, #unused#::Val{:toplevel}, args::Vector{Any})
      @ JuliaInterp C:\Users\Win10\Documents\GitHub\JuliaInterp.jl\src\ast.jl:185
    [8] interpret_ast(interpstate::JuliaInterp.InterpState, expr::Expr)
      @ JuliaInterp C:\Users\Win10\Documents\GitHub\JuliaInterp.jl\src\ast.jl:199
    [9] interpret_ast
      @ C:\Users\Win10\Documents\GitHub\JuliaInterp.jl\src\ast.jl:204 [inlined]
   [10] include(mod::Module, path::String, debug::Bool, budget::UInt64)
      @ JuliaInterp C:\Users\Win10\Documents\GitHub\JuliaInterp.jl\src\JuliaInterp.jl:16
   [11] include(mod::Module, path::String)
      @ JuliaInterp C:\Users\Win10\Documents\GitHub\JuliaInterp.jl\src\JuliaInterp.jl:10
   [12] macro expansion
      @ C:\Users\Win10\Documents\GitHub\JuliaInterp.jl\test\testdefs.jl:26 [inlined]
   [13] macro expansion
      @ C:\Users\Win10\AppData\Local\Programs\Julia-1.8.0-DEV\share\julia\stdlib\v1.8\Test\src\Test.jl:1375 [inlined]
   [14] macro expansion
      @ C:\Users\Win10\Documents\GitHub\JuliaInterp.jl\test\testdefs.jl:23 [inlined]
   [15] macro expansion
      @ .\timing.jl:439 [inlined]
   [16] runtests(name::String, path::String, isolate::Bool; seed::UInt128)
      @ Main C:\Users\Win10\Documents\GitHub\JuliaInterp.jl\test\testdefs.jl:21
Error in testset opaque_closure:
Test Failed at C:\Users\Win10\AppData\Local\Programs\Julia-1.8.0-DEV\share/julia/test\opaque_closure.jl:216
  Expression: length(code_typed(oc, (Int,))) == 1
   Evaluated: 0 == 1
Error in testset loading:
Test Failed at C:\Users\Win10\AppData\Local\Programs\Julia-1.8.0-DEV\share/julia/test\loading.jl:47
  Expression: #= C:\Users\Win10\AppData\Local\Programs\Julia-1.8.0-DEV\share/julia/test\loading.jl:47 =# @__DIR__() == dirname(#= C:\Users\Win10\AppData\Local\Programs\Julia-1.8.0-DEV\share/julia/test\loading.jl:47 =# @__FILE__())
   Evaluated: "C:\\Users\\Win10\\AppData\\Local\\Programs\\Julia-1.8.0-DEV\\share\\julia\\test" == "C:\\Users\\Win10\\AppData\\Local\\Programs\\Julia-1.8.0-DEV\\share/julia/test"
Error in testset misc:
Error During Test at C:\Users\Win10\AppData\Local\Programs\Julia-1.8.0-DEV\share/julia/test\misc.jl:134
  Test threw exception
  Expression: lock(get_finalizers_inhibited, l) == 1
  
Error in testset misc:
Error During Test at C:\Users\Win10\AppData\Local\Programs\Julia-1.8.0-DEV\share/julia/test\misc.jl:134
  Test threw exception
  Expression: lock(get_finalizers_inhibited, l) == 1
  
